  [1m[35m (745.8ms)[0m  [1m[35mCREATE DATABASE "backend_development" ENCODING = 'unicode'[0m
  ↳ /Users/kat/.rvm/gems/ruby-2.6.1/bin/rake:23
  [1m[35m (541.0ms)[0m  [1m[35mCREATE DATABASE "backend_test" ENCODING = 'unicode'[0m
  ↳ /Users/kat/.rvm/gems/ruby-2.6.1/bin/rake:23
  [1m[35m (51.5ms)[0m  [1m[35mCREATE TABLE "schema_migrations" ("version" character varying NOT NULL PRIMARY KEY)[0m
  ↳ bin/rails:9
  [1m[35m (5.7ms)[0m  [1m[35mCREATE TABLE "ar_internal_metadata" ("key" character varying NOT NULL PRIMARY KEY, "value" character varying, "created_at" timestamp NOT NULL, "updated_at" timestamp NOT NULL)[0m
  ↳ bin/rails:9
  [1m[35m (0.7ms)[0m  [1m[34mSELECT pg_try_advisory_lock(5073945470573576205)[0m
  ↳ bin/rails:9
  [1m[35m (1.6ms)[0m  [1m[34mSELECT "schema_migrations"."version" FROM "schema_migrations" ORDER BY "schema_migrations"."version" ASC[0m
  ↳ bin/rails:9
Migrating to CreateUserMedicines (20190811103552)
  [1m[35m (0.5ms)[0m  [1m[35mBEGIN[0m
  ↳ bin/rails:9
  [1m[35m (73.4ms)[0m  [1m[35mCREATE TABLE "user_medicines" ("id" bigserial primary key, "name" character varying, "dose" integer, "morning" boolean, "evening" boolean, "composite_id" character varying, "url" character varying, "user_id" integer, "created_at" timestamp NOT NULL, "updated_at" timestamp NOT NULL)[0m
  ↳ db/migrate/20190811103552_create_user_medicines.rb:3
  [1m[36mActiveRecord::SchemaMigration Create (3.9ms)[0m  [1m[32mINSERT INTO "schema_migrations" ("version") VALUES ($1) RETURNING "version"[0m  [["version", "20190811103552"]]
  ↳ bin/rails:9
  [1m[35m (9.7ms)[0m  [1m[35mCOMMIT[0m
  ↳ bin/rails:9
  [1m[36mActiveRecord::InternalMetadata Load (1.8ms)[0m  [1m[34mSELECT  "ar_internal_metadata".* FROM "ar_internal_metadata" WHERE "ar_internal_metadata"."key" = $1 LIMIT $2[0m  [["key", "environment"], ["LIMIT", 1]]
  ↳ bin/rails:9
  [1m[35m (0.2ms)[0m  [1m[35mBEGIN[0m
  ↳ bin/rails:9
  [1m[36mActiveRecord::InternalMetadata Create (1.7ms)[0m  [1m[32mINSERT INTO "ar_internal_metadata" ("key", "value", "created_at", "updated_at") VALUES ($1, $2, $3, $4) RETURNING "key"[0m  [["key", "environment"], ["value", "development"], ["created_at", "2019-08-11 10:44:59.949937"], ["updated_at", "2019-08-11 10:44:59.949937"]]
  ↳ bin/rails:9
  [1m[35m (4.1ms)[0m  [1m[35mCOMMIT[0m
  ↳ bin/rails:9
  [1m[35m (0.4ms)[0m  [1m[34mSELECT pg_advisory_unlock(5073945470573576205)[0m
  ↳ bin/rails:9
  [1m[35m (0.8ms)[0m  [1m[34mSELECT "schema_migrations"."version" FROM "schema_migrations" ORDER BY "schema_migrations"."version" ASC[0m
  ↳ bin/rails:9
Started GET "/" for ::1 at 2019-08-11 11:53:24 +0100
  [1m[35m (0.8ms)[0m  [1m[34mSELECT "schema_migrations"."version" FROM "schema_migrations" ORDER BY "schema_migrations"."version" ASC[0m
  ↳ /Users/kat/.rvm/gems/ruby-2.6.1/gems/activerecord-5.2.3/lib/active_record/log_subscriber.rb:98
Processing by Rails::WelcomeController#index as HTML
  Rendering /Users/kat/.rvm/gems/ruby-2.6.1/gems/railties-5.2.3/lib/rails/templates/rails/welcome/index.html.erb
  Rendered /Users/kat/.rvm/gems/ruby-2.6.1/gems/railties-5.2.3/lib/rails/templates/rails/welcome/index.html.erb (9.6ms)
Completed 200 OK in 21ms (Views: 17.9ms | ActiveRecord: 0.0ms)


Started GET "/favicon.ico" for ::1 at 2019-08-11 11:53:25 +0100
  
ActionController::RoutingError (No route matches [GET] "/favicon.ico"):
  
actionpack (5.2.3) lib/action_dispatch/middleware/debug_exceptions.rb:65:in `call'
actionpack (5.2.3) lib/action_dispatch/middleware/show_exceptions.rb:33:in `call'
railties (5.2.3) lib/rails/rack/logger.rb:38:in `call_app'
railties (5.2.3) lib/rails/rack/logger.rb:26:in `block in call'
activesupport (5.2.3) lib/active_support/tagged_logging.rb:71:in `block in tagged'
activesupport (5.2.3) lib/active_support/tagged_logging.rb:28:in `tagged'
activesupport (5.2.3) lib/active_support/tagged_logging.rb:71:in `tagged'
railties (5.2.3) lib/rails/rack/logger.rb:26:in `call'
actionpack (5.2.3) lib/action_dispatch/middleware/remote_ip.rb:81:in `call'
actionpack (5.2.3) lib/action_dispatch/middleware/request_id.rb:27:in `call'
rack (2.0.7) lib/rack/runtime.rb:22:in `call'
activesupport (5.2.3) lib/active_support/cache/strategy/local_cache_middleware.rb:29:in `call'
actionpack (5.2.3) lib/action_dispatch/middleware/executor.rb:14:in `call'
actionpack (5.2.3) lib/action_dispatch/middleware/static.rb:127:in `call'
rack (2.0.7) lib/rack/sendfile.rb:111:in `call'
railties (5.2.3) lib/rails/engine.rb:524:in `call'
puma (3.12.1) lib/puma/configuration.rb:227:in `call'
puma (3.12.1) lib/puma/server.rb:660:in `handle_request'
puma (3.12.1) lib/puma/server.rb:474:in `process_client'
puma (3.12.1) lib/puma/server.rb:334:in `block in run'
puma (3.12.1) lib/puma/thread_pool.rb:135:in `block in spawn_thread'
Started GET "/usermedicines" for ::1 at 2019-08-11 11:53:35 +0100
  
ActionController::RoutingError (No route matches [GET] "/usermedicines"):
  
actionpack (5.2.3) lib/action_dispatch/middleware/debug_exceptions.rb:65:in `call'
actionpack (5.2.3) lib/action_dispatch/middleware/show_exceptions.rb:33:in `call'
railties (5.2.3) lib/rails/rack/logger.rb:38:in `call_app'
railties (5.2.3) lib/rails/rack/logger.rb:26:in `block in call'
activesupport (5.2.3) lib/active_support/tagged_logging.rb:71:in `block in tagged'
activesupport (5.2.3) lib/active_support/tagged_logging.rb:28:in `tagged'
activesupport (5.2.3) lib/active_support/tagged_logging.rb:71:in `tagged'
railties (5.2.3) lib/rails/rack/logger.rb:26:in `call'
actionpack (5.2.3) lib/action_dispatch/middleware/remote_ip.rb:81:in `call'
actionpack (5.2.3) lib/action_dispatch/middleware/request_id.rb:27:in `call'
rack (2.0.7) lib/rack/runtime.rb:22:in `call'
activesupport (5.2.3) lib/active_support/cache/strategy/local_cache_middleware.rb:29:in `call'
actionpack (5.2.3) lib/action_dispatch/middleware/executor.rb:14:in `call'
actionpack (5.2.3) lib/action_dispatch/middleware/static.rb:127:in `call'
rack (2.0.7) lib/rack/sendfile.rb:111:in `call'
railties (5.2.3) lib/rails/engine.rb:524:in `call'
puma (3.12.1) lib/puma/configuration.rb:227:in `call'
puma (3.12.1) lib/puma/server.rb:660:in `handle_request'
puma (3.12.1) lib/puma/server.rb:474:in `process_client'
puma (3.12.1) lib/puma/server.rb:334:in `block in run'
puma (3.12.1) lib/puma/thread_pool.rb:135:in `block in spawn_thread'
Started GET "/user_medicines" for ::1 at 2019-08-11 11:53:46 +0100
Processing by UserMedicinesController#index as HTML
Completed 500 Internal Server Error in 6ms (ActiveRecord: 0.0ms)


  
NameError (uninitialized constant UserMedicinesController::UserMedicines):
  
app/controllers/user_medicines_controller.rb:4:in `index'
Started GET "/user_medicines" for ::1 at 2019-08-11 11:58:39 +0100
  [1m[35m (1.5ms)[0m  [1m[34mSELECT "schema_migrations"."version" FROM "schema_migrations" ORDER BY "schema_migrations"."version" ASC[0m
  ↳ /Users/kat/.rvm/gems/ruby-2.6.1/gems/activerecord-5.2.3/lib/active_record/log_subscriber.rb:98
Processing by UserMedicinesController#index as HTML
Completed 500 Internal Server Error in 1ms (ActiveRecord: 0.0ms)


  
NameError (uninitialized constant UserMedicinesController::UserMedicines):
  
app/controllers/user_medicines_controller.rb:4:in `index'
Started GET "/usermedicines" for ::1 at 2019-08-11 11:58:49 +0100
  
ActionController::RoutingError (No route matches [GET] "/usermedicines"):
  
actionpack (5.2.3) lib/action_dispatch/middleware/debug_exceptions.rb:65:in `call'
actionpack (5.2.3) lib/action_dispatch/middleware/show_exceptions.rb:33:in `call'
railties (5.2.3) lib/rails/rack/logger.rb:38:in `call_app'
railties (5.2.3) lib/rails/rack/logger.rb:26:in `block in call'
activesupport (5.2.3) lib/active_support/tagged_logging.rb:71:in `block in tagged'
activesupport (5.2.3) lib/active_support/tagged_logging.rb:28:in `tagged'
activesupport (5.2.3) lib/active_support/tagged_logging.rb:71:in `tagged'
railties (5.2.3) lib/rails/rack/logger.rb:26:in `call'
actionpack (5.2.3) lib/action_dispatch/middleware/remote_ip.rb:81:in `call'
actionpack (5.2.3) lib/action_dispatch/middleware/request_id.rb:27:in `call'
rack (2.0.7) lib/rack/runtime.rb:22:in `call'
activesupport (5.2.3) lib/active_support/cache/strategy/local_cache_middleware.rb:29:in `call'
actionpack (5.2.3) lib/action_dispatch/middleware/executor.rb:14:in `call'
actionpack (5.2.3) lib/action_dispatch/middleware/static.rb:127:in `call'
rack (2.0.7) lib/rack/sendfile.rb:111:in `call'
railties (5.2.3) lib/rails/engine.rb:524:in `call'
puma (3.12.1) lib/puma/configuration.rb:227:in `call'
puma (3.12.1) lib/puma/server.rb:660:in `handle_request'
puma (3.12.1) lib/puma/server.rb:474:in `process_client'
puma (3.12.1) lib/puma/server.rb:334:in `block in run'
puma (3.12.1) lib/puma/thread_pool.rb:135:in `block in spawn_thread'
Started GET "/usermedicines" for ::1 at 2019-08-11 11:59:37 +0100
  
ActionController::RoutingError (No route matches [GET] "/usermedicines"):
  
actionpack (5.2.3) lib/action_dispatch/middleware/debug_exceptions.rb:65:in `call'
actionpack (5.2.3) lib/action_dispatch/middleware/show_exceptions.rb:33:in `call'
railties (5.2.3) lib/rails/rack/logger.rb:38:in `call_app'
railties (5.2.3) lib/rails/rack/logger.rb:26:in `block in call'
activesupport (5.2.3) lib/active_support/tagged_logging.rb:71:in `block in tagged'
activesupport (5.2.3) lib/active_support/tagged_logging.rb:28:in `tagged'
activesupport (5.2.3) lib/active_support/tagged_logging.rb:71:in `tagged'
railties (5.2.3) lib/rails/rack/logger.rb:26:in `call'
actionpack (5.2.3) lib/action_dispatch/middleware/remote_ip.rb:81:in `call'
actionpack (5.2.3) lib/action_dispatch/middleware/request_id.rb:27:in `call'
rack (2.0.7) lib/rack/runtime.rb:22:in `call'
activesupport (5.2.3) lib/active_support/cache/strategy/local_cache_middleware.rb:29:in `call'
actionpack (5.2.3) lib/action_dispatch/middleware/executor.rb:14:in `call'
actionpack (5.2.3) lib/action_dispatch/middleware/static.rb:127:in `call'
rack (2.0.7) lib/rack/sendfile.rb:111:in `call'
railties (5.2.3) lib/rails/engine.rb:524:in `call'
puma (3.12.1) lib/puma/configuration.rb:227:in `call'
puma (3.12.1) lib/puma/server.rb:660:in `handle_request'
puma (3.12.1) lib/puma/server.rb:474:in `process_client'
puma (3.12.1) lib/puma/server.rb:334:in `block in run'
puma (3.12.1) lib/puma/thread_pool.rb:135:in `block in spawn_thread'
Started GET "/user_medicines" for ::1 at 2019-08-11 12:00:34 +0100
Processing by UserMedicinesController#index as HTML
Completed 500 Internal Server Error in 1ms (ActiveRecord: 0.0ms)


  
NameError (uninitialized constant UserMedicinesController::UserMedicines):
  
app/controllers/user_medicines_controller.rb:4:in `index'
Started GET "/user_medicines" for ::1 at 2019-08-11 12:05:23 +0100
Processing by UserMedicinesController#index as HTML
  [1m[36mUserMedicine Load (1.4ms)[0m  [1m[34mSELECT "user_medicines".* FROM "user_medicines"[0m
  ↳ app/controllers/user_medicines_controller.rb:4
Completed 200 OK in 13ms (Views: 2.3ms | ActiveRecord: 8.7ms)


  [1m[35m (1.3ms)[0m  [1m[34mSELECT "schema_migrations"."version" FROM "schema_migrations" ORDER BY "schema_migrations"."version" ASC[0m
  ↳ bin/rails:9
  [1m[35m (1.2ms)[0m  [1m[34mSELECT "schema_migrations"."version" FROM "schema_migrations" ORDER BY "schema_migrations"."version" ASC[0m
  ↳ bin/rails:9
  [1m[35m (1.0ms)[0m  [1m[34mSELECT "schema_migrations"."version" FROM "schema_migrations" ORDER BY "schema_migrations"."version" ASC[0m
  ↳ bin/rails:9
  [1m[36mUserMedicine Load (1.4ms)[0m  [1m[34mSELECT "user_medicines".* FROM "user_medicines"[0m
  ↳ db/seeds.rb:9
  [1m[35m (0.3ms)[0m  [1m[35mBEGIN[0m
  ↳ db/seeds.rb:11
  [1m[36mUserMedicine Create (1.8ms)[0m  [1m[32mINSERT INTO "user_medicines" ("name", "dose", "morning", "evening", "composite_id", "url", "user_id", "created_at", "updated_at") VALUES ($1, $2, $3, $4, $5, $6, $7, $8, $9) RETURNING "id"[0m  [["name", "Amlodipine"], ["dose", 20], ["morning", true], ["evening", false], ["composite_id", "https://www.nhs.uk/medicines/amlodipine/-20-A"], ["url", "https://www.nhs.uk/medicines/amlodipine/"], ["user_id", 1], ["created_at", "2019-08-11 11:16:12.858919"], ["updated_at", "2019-08-11 11:16:12.858919"]]
  ↳ db/seeds.rb:11
  [1m[35m (1.3ms)[0m  [1m[35mCOMMIT[0m
  ↳ db/seeds.rb:11
Started GET "/user_medicines" for ::1 at 2019-08-11 12:16:29 +0100
  [1m[35m (1.4ms)[0m  [1m[34mSELECT "schema_migrations"."version" FROM "schema_migrations" ORDER BY "schema_migrations"."version" ASC[0m
  ↳ /Users/kat/.rvm/gems/ruby-2.6.1/gems/activerecord-5.2.3/lib/active_record/log_subscriber.rb:98
Processing by UserMedicinesController#index as HTML
  [1m[36mUserMedicine Load (0.8ms)[0m  [1m[34mSELECT "user_medicines".* FROM "user_medicines"[0m
  ↳ app/controllers/user_medicines_controller.rb:4
Completed 200 OK in 23ms (Views: 13.0ms | ActiveRecord: 8.3ms)


Started GET "/user_medicines" for ::1 at 2019-08-11 12:20:16 +0100
Processing by UserMedicinesController#index as */*
  [1m[36mUserMedicine Load (100.1ms)[0m  [1m[34mSELECT "user_medicines".* FROM "user_medicines"[0m
  ↳ app/controllers/user_medicines_controller.rb:4
Completed 200 OK in 102ms (Views: 1.9ms | ActiveRecord: 100.1ms)


Started GET "/user_medicines" for ::1 at 2019-08-11 12:20:27 +0100
Processing by UserMedicinesController#index as */*
  [1m[36mUserMedicine Load (0.6ms)[0m  [1m[34mSELECT "user_medicines".* FROM "user_medicines"[0m
  ↳ app/controllers/user_medicines_controller.rb:4
Completed 200 OK in 2ms (Views: 1.2ms | ActiveRecord: 0.6ms)


Started GET "/user_medicines" for ::1 at 2019-08-11 12:20:30 +0100
Processing by UserMedicinesController#index as */*
  [1m[36mUserMedicine Load (0.7ms)[0m  [1m[34mSELECT "user_medicines".* FROM "user_medicines"[0m
  ↳ app/controllers/user_medicines_controller.rb:4
Completed 200 OK in 2ms (Views: 0.9ms | ActiveRecord: 0.7ms)


Started GET "/user_medicines" for ::1 at 2019-08-11 12:22:43 +0100
Processing by UserMedicinesController#index as */*
  [1m[36mUserMedicine Load (0.5ms)[0m  [1m[34mSELECT "user_medicines".* FROM "user_medicines"[0m
  ↳ app/controllers/user_medicines_controller.rb:4
Completed 200 OK in 2ms (Views: 1.1ms | ActiveRecord: 0.5ms)


Started GET "/user_medicines" for ::1 at 2019-08-11 12:23:08 +0100
  [1m[35m (17.3ms)[0m  [1m[34mSELECT "schema_migrations"."version" FROM "schema_migrations" ORDER BY "schema_migrations"."version" ASC[0m
  ↳ /Users/kat/.rvm/gems/ruby-2.6.1/gems/activerecord-5.2.3/lib/active_record/log_subscriber.rb:98
Processing by UserMedicinesController#index as */*
  [1m[36mUserMedicine Load (4.1ms)[0m  [1m[34mSELECT "user_medicines".* FROM "user_medicines"[0m
  ↳ app/controllers/user_medicines_controller.rb:4
Completed 200 OK in 47ms (Views: 11.6ms | ActiveRecord: 25.4ms)


Started GET "/user_medicines" for ::1 at 2019-08-11 12:23:21 +0100
Processing by UserMedicinesController#index as */*
  [1m[36mUserMedicine Load (6.6ms)[0m  [1m[34mSELECT "user_medicines".* FROM "user_medicines"[0m
  ↳ app/controllers/user_medicines_controller.rb:4
Completed 200 OK in 8ms (Views: 1.2ms | ActiveRecord: 6.6ms)


Started GET "/user_medicines" for ::1 at 2019-08-11 12:24:23 +0100
  [1m[35m (0.7ms)[0m  [1m[34mSELECT "schema_migrations"."version" FROM "schema_migrations" ORDER BY "schema_migrations"."version" ASC[0m
  ↳ /Users/kat/.rvm/gems/ruby-2.6.1/gems/activerecord-5.2.3/lib/active_record/log_subscriber.rb:98
Processing by UserMedicinesController#index as */*
  [1m[36mUserMedicine Load (0.6ms)[0m  [1m[34mSELECT "user_medicines".* FROM "user_medicines"[0m
  ↳ app/controllers/user_medicines_controller.rb:4
Completed 200 OK in 18ms (Views: 8.4ms | ActiveRecord: 8.4ms)


Started GET "/user_medicines" for ::1 at 2019-08-11 12:29:08 +0100
Processing by UserMedicinesController#index as */*
  [1m[36mUserMedicine Load (0.8ms)[0m  [1m[34mSELECT "user_medicines".* FROM "user_medicines"[0m
  ↳ app/controllers/user_medicines_controller.rb:4
Completed 200 OK in 2ms (Views: 1.1ms | ActiveRecord: 0.8ms)


Started GET "/user_medicines" for ::1 at 2019-08-11 12:38:08 +0100
Processing by UserMedicinesController#index as */*
  [1m[36mUserMedicine Load (1.2ms)[0m  [1m[34mSELECT "user_medicines".* FROM "user_medicines"[0m
  ↳ app/controllers/user_medicines_controller.rb:4
Completed 200 OK in 3ms (Views: 1.5ms | ActiveRecord: 1.2ms)


Started GET "/user_medicines" for ::1 at 2019-08-11 12:39:01 +0100
Processing by UserMedicinesController#index as */*
  [1m[36mUserMedicine Load (0.8ms)[0m  [1m[34mSELECT "user_medicines".* FROM "user_medicines"[0m
  ↳ app/controllers/user_medicines_controller.rb:4
Completed 200 OK in 3ms (Views: 1.7ms | ActiveRecord: 0.8ms)


Started GET "/user_medicines" for ::1 at 2019-08-11 12:39:14 +0100
Processing by UserMedicinesController#index as */*
  [1m[36mUserMedicine Load (1.0ms)[0m  [1m[34mSELECT "user_medicines".* FROM "user_medicines"[0m
  ↳ app/controllers/user_medicines_controller.rb:4
Completed 200 OK in 2ms (Views: 0.9ms | ActiveRecord: 1.0ms)


Started GET "/user_medicines" for ::1 at 2019-08-11 12:40:07 +0100
Processing by UserMedicinesController#index as */*
  [1m[36mUserMedicine Load (2.3ms)[0m  [1m[34mSELECT "user_medicines".* FROM "user_medicines"[0m
  ↳ app/controllers/user_medicines_controller.rb:4
Completed 200 OK in 3ms (Views: 0.9ms | ActiveRecord: 2.3ms)


Started GET "/user_medicines" for ::1 at 2019-08-11 12:40:15 +0100
Processing by UserMedicinesController#index as */*
  [1m[36mUserMedicine Load (0.9ms)[0m  [1m[34mSELECT "user_medicines".* FROM "user_medicines"[0m
  ↳ app/controllers/user_medicines_controller.rb:4
Completed 200 OK in 4ms (Views: 2.4ms | ActiveRecord: 0.9ms)


Started GET "/user_medicines" for ::1 at 2019-08-11 12:40:46 +0100
Processing by UserMedicinesController#index as */*
  [1m[36mUserMedicine Load (1.7ms)[0m  [1m[34mSELECT "user_medicines".* FROM "user_medicines"[0m
  ↳ app/controllers/user_medicines_controller.rb:4
Completed 200 OK in 4ms (Views: 1.6ms | ActiveRecord: 1.7ms)


Started GET "/user_medicines" for ::1 at 2019-08-11 12:46:04 +0100
Processing by UserMedicinesController#index as */*
  [1m[36mUserMedicine Load (36.2ms)[0m  [1m[34mSELECT "user_medicines".* FROM "user_medicines"[0m
  ↳ app/controllers/user_medicines_controller.rb:4
Completed 200 OK in 38ms (Views: 1.2ms | ActiveRecord: 36.2ms)


Started GET "/user_medicines" for ::1 at 2019-08-11 12:46:43 +0100
Processing by UserMedicinesController#index as */*
  [1m[36mUserMedicine Load (2.1ms)[0m  [1m[34mSELECT "user_medicines".* FROM "user_medicines"[0m
  ↳ app/controllers/user_medicines_controller.rb:4
Completed 200 OK in 4ms (Views: 1.6ms | ActiveRecord: 2.1ms)


Started GET "/user_medicines" for ::1 at 2019-08-11 12:47:01 +0100
Processing by UserMedicinesController#index as */*
  [1m[36mUserMedicine Load (3.9ms)[0m  [1m[34mSELECT "user_medicines".* FROM "user_medicines"[0m
  ↳ app/controllers/user_medicines_controller.rb:4
Completed 200 OK in 6ms (Views: 1.7ms | ActiveRecord: 3.9ms)


Started GET "/user_medicines" for ::1 at 2019-08-11 12:47:15 +0100
Processing by UserMedicinesController#index as */*
  [1m[36mUserMedicine Load (3.7ms)[0m  [1m[34mSELECT "user_medicines".* FROM "user_medicines"[0m
  ↳ app/controllers/user_medicines_controller.rb:4
Completed 200 OK in 6ms (Views: 1.6ms | ActiveRecord: 3.7ms)


Started GET "/user_medicines" for ::1 at 2019-08-11 12:49:54 +0100
Processing by UserMedicinesController#index as */*
  [1m[36mUserMedicine Load (4.8ms)[0m  [1m[34mSELECT "user_medicines".* FROM "user_medicines"[0m
  ↳ app/controllers/user_medicines_controller.rb:4
Completed 200 OK in 6ms (Views: 1.2ms | ActiveRecord: 4.8ms)


Started GET "/user_medicines" for ::1 at 2019-08-11 12:50:21 +0100
Processing by UserMedicinesController#index as */*
  [1m[36mUserMedicine Load (17.2ms)[0m  [1m[34mSELECT "user_medicines".* FROM "user_medicines"[0m
  ↳ app/controllers/user_medicines_controller.rb:4
Completed 200 OK in 19ms (Views: 1.6ms | ActiveRecord: 17.2ms)


Started GET "/user_medicines" for ::1 at 2019-08-11 12:50:34 +0100
Processing by UserMedicinesController#index as */*
  [1m[36mUserMedicine Load (3.3ms)[0m  [1m[34mSELECT "user_medicines".* FROM "user_medicines"[0m
  ↳ app/controllers/user_medicines_controller.rb:4
Completed 200 OK in 5ms (Views: 1.2ms | ActiveRecord: 3.3ms)


Started GET "/user_medicines" for ::1 at 2019-08-11 12:50:47 +0100
Processing by UserMedicinesController#index as */*
  [1m[36mUserMedicine Load (0.3ms)[0m  [1m[34mSELECT "user_medicines".* FROM "user_medicines"[0m
  ↳ app/controllers/user_medicines_controller.rb:4
Completed 200 OK in 2ms (Views: 1.1ms | ActiveRecord: 0.3ms)


Started GET "/user_medicines" for ::1 at 2019-08-11 12:50:58 +0100
Processing by UserMedicinesController#index as */*
  [1m[36mUserMedicine Load (1.5ms)[0m  [1m[34mSELECT "user_medicines".* FROM "user_medicines"[0m
  ↳ app/controllers/user_medicines_controller.rb:4
Completed 200 OK in 4ms (Views: 1.8ms | ActiveRecord: 1.5ms)


Started GET "/user_medicines" for ::1 at 2019-08-11 12:51:27 +0100
Processing by UserMedicinesController#index as */*
  [1m[36mUserMedicine Load (7.6ms)[0m  [1m[34mSELECT "user_medicines".* FROM "user_medicines"[0m
  ↳ app/controllers/user_medicines_controller.rb:4
Completed 200 OK in 11ms (Views: 3.0ms | ActiveRecord: 7.6ms)


Started GET "/user_medicines" for ::1 at 2019-08-11 12:51:54 +0100
Processing by UserMedicinesController#index as */*
  [1m[36mUserMedicine Load (0.3ms)[0m  [1m[34mSELECT "user_medicines".* FROM "user_medicines"[0m
  ↳ app/controllers/user_medicines_controller.rb:4
Completed 200 OK in 1ms (Views: 1.0ms | ActiveRecord: 0.3ms)


Started GET "/user_medicines" for ::1 at 2019-08-11 12:52:22 +0100
Processing by UserMedicinesController#index as */*
  [1m[36mUserMedicine Load (7.8ms)[0m  [1m[34mSELECT "user_medicines".* FROM "user_medicines"[0m
  ↳ app/controllers/user_medicines_controller.rb:4
Completed 200 OK in 12ms (Views: 3.7ms | ActiveRecord: 7.8ms)


Started GET "/user_medicines" for ::1 at 2019-08-11 12:52:27 +0100
Processing by UserMedicinesController#index as */*
  [1m[36mUserMedicine Load (18.5ms)[0m  [1m[34mSELECT "user_medicines".* FROM "user_medicines"[0m
  ↳ app/controllers/user_medicines_controller.rb:4
Completed 200 OK in 20ms (Views: 1.3ms | ActiveRecord: 18.5ms)


Started GET "/user_medicines" for ::1 at 2019-08-11 12:53:02 +0100
Processing by UserMedicinesController#index as */*
  [1m[36mUserMedicine Load (20.4ms)[0m  [1m[34mSELECT "user_medicines".* FROM "user_medicines"[0m
  ↳ app/controllers/user_medicines_controller.rb:4
Completed 200 OK in 23ms (Views: 1.7ms | ActiveRecord: 20.4ms)


Started GET "/user_medicines" for ::1 at 2019-08-11 12:53:24 +0100
Processing by UserMedicinesController#index as */*
  [1m[36mUserMedicine Load (0.4ms)[0m  [1m[34mSELECT "user_medicines".* FROM "user_medicines"[0m
  ↳ app/controllers/user_medicines_controller.rb:4
Completed 200 OK in 2ms (Views: 1.1ms | ActiveRecord: 0.4ms)


Started GET "/user_medicines" for ::1 at 2019-08-11 12:53:49 +0100
Processing by UserMedicinesController#index as */*
  [1m[36mUserMedicine Load (4.1ms)[0m  [1m[34mSELECT "user_medicines".* FROM "user_medicines"[0m
  ↳ app/controllers/user_medicines_controller.rb:4
Completed 200 OK in 5ms (Views: 1.2ms | ActiveRecord: 4.1ms)


Started GET "/user_medicines" for ::1 at 2019-08-11 12:54:11 +0100
Processing by UserMedicinesController#index as */*
  [1m[36mUserMedicine Load (0.6ms)[0m  [1m[34mSELECT "user_medicines".* FROM "user_medicines"[0m
  ↳ app/controllers/user_medicines_controller.rb:4
Completed 200 OK in 3ms (Views: 1.6ms | ActiveRecord: 0.6ms)


Started GET "/user_medicines" for ::1 at 2019-08-11 12:54:56 +0100
Processing by UserMedicinesController#index as */*
  [1m[36mUserMedicine Load (0.3ms)[0m  [1m[34mSELECT "user_medicines".* FROM "user_medicines"[0m
  ↳ app/controllers/user_medicines_controller.rb:4
Completed 200 OK in 1ms (Views: 0.9ms | ActiveRecord: 0.3ms)


Started GET "/user_medicines" for ::1 at 2019-08-11 12:55:47 +0100
Processing by UserMedicinesController#index as */*
  [1m[36mUserMedicine Load (0.4ms)[0m  [1m[34mSELECT "user_medicines".* FROM "user_medicines"[0m
  ↳ app/controllers/user_medicines_controller.rb:4
Completed 200 OK in 1ms (Views: 0.8ms | ActiveRecord: 0.4ms)


Started GET "/user_medicines" for ::1 at 2019-08-11 13:25:42 +0100
Processing by UserMedicinesController#index as */*
  [1m[36mUserMedicine Load (1.7ms)[0m  [1m[34mSELECT "user_medicines".* FROM "user_medicines"[0m
  ↳ app/controllers/user_medicines_controller.rb:4
Completed 200 OK in 3ms (Views: 1.1ms | ActiveRecord: 1.7ms)


Started GET "/user_medicines" for ::1 at 2019-08-11 13:25:47 +0100
Processing by UserMedicinesController#index as */*
  [1m[36mUserMedicine Load (15.6ms)[0m  [1m[34mSELECT "user_medicines".* FROM "user_medicines"[0m
  ↳ app/controllers/user_medicines_controller.rb:4
Completed 200 OK in 17ms (Views: 1.2ms | ActiveRecord: 15.6ms)


Started GET "/user_medicines" for ::1 at 2019-08-11 13:27:17 +0100
Processing by UserMedicinesController#index as */*
  [1m[36mUserMedicine Load (3.5ms)[0m  [1m[34mSELECT "user_medicines".* FROM "user_medicines"[0m
  ↳ app/controllers/user_medicines_controller.rb:4
Completed 200 OK in 5ms (Views: 1.1ms | ActiveRecord: 3.5ms)


Started GET "/user_medicines" for ::1 at 2019-08-11 13:27:41 +0100
Processing by UserMedicinesController#index as */*
  [1m[36mUserMedicine Load (1.1ms)[0m  [1m[34mSELECT "user_medicines".* FROM "user_medicines"[0m
  ↳ app/controllers/user_medicines_controller.rb:4
Completed 200 OK in 2ms (Views: 0.8ms | ActiveRecord: 1.1ms)


Started GET "/user_medicines" for ::1 at 2019-08-11 13:28:29 +0100
Processing by UserMedicinesController#index as */*
  [1m[36mUserMedicine Load (1.2ms)[0m  [1m[34mSELECT "user_medicines".* FROM "user_medicines"[0m
  ↳ app/controllers/user_medicines_controller.rb:4
Completed 200 OK in 2ms (Views: 1.1ms | ActiveRecord: 1.2ms)


Started GET "/user_medicines" for ::1 at 2019-08-11 13:28:37 +0100
Processing by UserMedicinesController#index as */*
  [1m[36mUserMedicine Load (24.7ms)[0m  [1m[34mSELECT "user_medicines".* FROM "user_medicines"[0m
  ↳ app/controllers/user_medicines_controller.rb:4
Completed 200 OK in 26ms (Views: 1.1ms | ActiveRecord: 24.7ms)


Started GET "/user_medicines" for ::1 at 2019-08-11 13:29:48 +0100
Processing by UserMedicinesController#index as */*
  [1m[36mUserMedicine Load (1.1ms)[0m  [1m[34mSELECT "user_medicines".* FROM "user_medicines"[0m
  ↳ app/controllers/user_medicines_controller.rb:4
Completed 200 OK in 2ms (Views: 1.0ms | ActiveRecord: 1.1ms)


Started GET "/user_medicines" for ::1 at 2019-08-11 13:29:51 +0100
Processing by UserMedicinesController#index as */*
  [1m[36mUserMedicine Load (1.2ms)[0m  [1m[34mSELECT "user_medicines".* FROM "user_medicines"[0m
  ↳ app/controllers/user_medicines_controller.rb:4
Completed 200 OK in 2ms (Views: 1.1ms | ActiveRecord: 1.2ms)


Started GET "/user_medicines" for ::1 at 2019-08-11 13:30:54 +0100
Processing by UserMedicinesController#index as */*
  [1m[36mUserMedicine Load (0.4ms)[0m  [1m[34mSELECT "user_medicines".* FROM "user_medicines"[0m
  ↳ app/controllers/user_medicines_controller.rb:4
Completed 200 OK in 2ms (Views: 1.0ms | ActiveRecord: 0.4ms)


Started GET "/user_medicines" for ::1 at 2019-08-11 13:31:00 +0100
Processing by UserMedicinesController#index as */*
  [1m[36mUserMedicine Load (0.3ms)[0m  [1m[34mSELECT "user_medicines".* FROM "user_medicines"[0m
  ↳ app/controllers/user_medicines_controller.rb:4
Completed 200 OK in 2ms (Views: 1.0ms | ActiveRecord: 0.3ms)


Started GET "/user_medicines" for ::1 at 2019-08-11 13:31:42 +0100
Processing by UserMedicinesController#index as */*
  [1m[36mUserMedicine Load (1.4ms)[0m  [1m[34mSELECT "user_medicines".* FROM "user_medicines"[0m
  ↳ app/controllers/user_medicines_controller.rb:4
Completed 200 OK in 3ms (Views: 1.0ms | ActiveRecord: 1.4ms)


Started GET "/user_medicines" for ::1 at 2019-08-11 13:32:19 +0100
Processing by UserMedicinesController#index as */*
  [1m[36mUserMedicine Load (0.6ms)[0m  [1m[34mSELECT "user_medicines".* FROM "user_medicines"[0m
  ↳ app/controllers/user_medicines_controller.rb:4
Completed 200 OK in 2ms (Views: 1.0ms | ActiveRecord: 0.6ms)


Started GET "/user_medicines" for ::1 at 2019-08-11 13:32:38 +0100
Processing by UserMedicinesController#index as */*
  [1m[36mUserMedicine Load (5.1ms)[0m  [1m[34mSELECT "user_medicines".* FROM "user_medicines"[0m
  ↳ app/controllers/user_medicines_controller.rb:4
Completed 200 OK in 7ms (Views: 1.8ms | ActiveRecord: 5.1ms)


Started GET "/user_medicines" for ::1 at 2019-08-11 13:35:22 +0100
Processing by UserMedicinesController#index as */*
  [1m[36mUserMedicine Load (0.5ms)[0m  [1m[34mSELECT "user_medicines".* FROM "user_medicines"[0m
  ↳ app/controllers/user_medicines_controller.rb:4
Completed 200 OK in 2ms (Views: 1.0ms | ActiveRecord: 0.5ms)


Started GET "/user_medicines" for ::1 at 2019-08-11 13:35:34 +0100
Processing by UserMedicinesController#index as */*
  [1m[36mUserMedicine Load (21.0ms)[0m  [1m[34mSELECT "user_medicines".* FROM "user_medicines"[0m
  ↳ app/controllers/user_medicines_controller.rb:4
Completed 200 OK in 22ms (Views: 1.2ms | ActiveRecord: 21.0ms)


Started GET "/user_medicines" for ::1 at 2019-08-11 13:35:45 +0100
Processing by UserMedicinesController#index as */*
  [1m[36mUserMedicine Load (0.3ms)[0m  [1m[34mSELECT "user_medicines".* FROM "user_medicines"[0m
  ↳ app/controllers/user_medicines_controller.rb:4
Completed 200 OK in 1ms (Views: 0.9ms | ActiveRecord: 0.3ms)


Started GET "/user_medicines" for ::1 at 2019-08-11 13:35:56 +0100
Processing by UserMedicinesController#index as */*
  [1m[36mUserMedicine Load (0.6ms)[0m  [1m[34mSELECT "user_medicines".* FROM "user_medicines"[0m
  ↳ app/controllers/user_medicines_controller.rb:4
Completed 200 OK in 2ms (Views: 1.0ms | ActiveRecord: 0.6ms)


Started GET "/user_medicines" for ::1 at 2019-08-11 13:36:40 +0100
Processing by UserMedicinesController#index as */*
  [1m[36mUserMedicine Load (0.6ms)[0m  [1m[34mSELECT "user_medicines".* FROM "user_medicines"[0m
  ↳ app/controllers/user_medicines_controller.rb:4
Completed 200 OK in 2ms (Views: 1.0ms | ActiveRecord: 0.6ms)


Started GET "/user_medicines" for ::1 at 2019-08-11 13:36:58 +0100
Processing by UserMedicinesController#index as */*
  [1m[36mUserMedicine Load (0.3ms)[0m  [1m[34mSELECT "user_medicines".* FROM "user_medicines"[0m
  ↳ app/controllers/user_medicines_controller.rb:4
Completed 200 OK in 2ms (Views: 1.0ms | ActiveRecord: 0.3ms)


Started GET "/user_medicines" for ::1 at 2019-08-11 13:37:04 +0100
Processing by UserMedicinesController#index as */*
  [1m[36mUserMedicine Load (10.3ms)[0m  [1m[34mSELECT "user_medicines".* FROM "user_medicines"[0m
  ↳ app/controllers/user_medicines_controller.rb:4
Completed 200 OK in 12ms (Views: 1.7ms | ActiveRecord: 10.3ms)


Started GET "/user_medicines" for ::1 at 2019-08-11 13:38:18 +0100
Processing by UserMedicinesController#index as */*
  [1m[36mUserMedicine Load (94.5ms)[0m  [1m[34mSELECT "user_medicines".* FROM "user_medicines"[0m
  ↳ app/controllers/user_medicines_controller.rb:4
Completed 200 OK in 97ms (Views: 1.4ms | ActiveRecord: 94.5ms)


Started GET "/user_medicines" for ::1 at 2019-08-11 13:38:27 +0100
Processing by UserMedicinesController#index as */*
  [1m[36mUserMedicine Load (1.1ms)[0m  [1m[34mSELECT "user_medicines".* FROM "user_medicines"[0m
  ↳ app/controllers/user_medicines_controller.rb:4
Completed 200 OK in 3ms (Views: 1.3ms | ActiveRecord: 1.1ms)


Started GET "/user_medicines" for ::1 at 2019-08-11 13:38:31 +0100
Processing by UserMedicinesController#index as */*
  [1m[36mUserMedicine Load (1.6ms)[0m  [1m[34mSELECT "user_medicines".* FROM "user_medicines"[0m
  ↳ app/controllers/user_medicines_controller.rb:4
Completed 200 OK in 3ms (Views: 1.0ms | ActiveRecord: 1.6ms)


Started GET "/user_medicines" for ::1 at 2019-08-11 13:39:55 +0100
Processing by UserMedicinesController#index as */*
  [1m[36mUserMedicine Load (1.8ms)[0m  [1m[34mSELECT "user_medicines".* FROM "user_medicines"[0m
  ↳ app/controllers/user_medicines_controller.rb:4
Completed 200 OK in 3ms (Views: 1.2ms | ActiveRecord: 1.8ms)


Started GET "/user_medicines" for ::1 at 2019-08-11 13:40:45 +0100
Processing by UserMedicinesController#index as */*
  [1m[36mUserMedicine Load (0.4ms)[0m  [1m[34mSELECT "user_medicines".* FROM "user_medicines"[0m
  ↳ app/controllers/user_medicines_controller.rb:4
Completed 200 OK in 2ms (Views: 1.1ms | ActiveRecord: 0.4ms)


Started GET "/user_medicines" for ::1 at 2019-08-11 13:40:58 +0100
Processing by UserMedicinesController#index as */*
  [1m[36mUserMedicine Load (0.4ms)[0m  [1m[34mSELECT "user_medicines".* FROM "user_medicines"[0m
  ↳ app/controllers/user_medicines_controller.rb:4
Completed 200 OK in 2ms (Views: 1.1ms | ActiveRecord: 0.4ms)


Started GET "/user_medicines" for ::1 at 2019-08-11 13:41:10 +0100
Processing by UserMedicinesController#index as */*
  [1m[36mUserMedicine Load (36.0ms)[0m  [1m[34mSELECT "user_medicines".* FROM "user_medicines"[0m
  ↳ app/controllers/user_medicines_controller.rb:4
Completed 200 OK in 37ms (Views: 1.2ms | ActiveRecord: 36.0ms)


Started GET "/user_medicines" for ::1 at 2019-08-11 13:41:25 +0100
Processing by UserMedicinesController#index as */*
  [1m[36mUserMedicine Load (44.4ms)[0m  [1m[34mSELECT "user_medicines".* FROM "user_medicines"[0m
  ↳ app/controllers/user_medicines_controller.rb:4
Completed 200 OK in 48ms (Views: 3.4ms | ActiveRecord: 44.4ms)


Started GET "/user_medicines" for ::1 at 2019-08-11 13:42:08 +0100
Processing by UserMedicinesController#index as */*
  [1m[36mUserMedicine Load (0.3ms)[0m  [1m[34mSELECT "user_medicines".* FROM "user_medicines"[0m
  ↳ app/controllers/user_medicines_controller.rb:4
Completed 200 OK in 1ms (Views: 1.0ms | ActiveRecord: 0.3ms)


Started GET "/user_medicines" for ::1 at 2019-08-11 13:42:38 +0100
Processing by UserMedicinesController#index as */*
  [1m[36mUserMedicine Load (28.4ms)[0m  [1m[34mSELECT "user_medicines".* FROM "user_medicines"[0m
  ↳ app/controllers/user_medicines_controller.rb:4
Completed 200 OK in 30ms (Views: 1.3ms | ActiveRecord: 28.4ms)


Started GET "/user_medicines" for ::1 at 2019-08-11 13:43:09 +0100
Processing by UserMedicinesController#index as */*
  [1m[36mUserMedicine Load (1.5ms)[0m  [1m[34mSELECT "user_medicines".* FROM "user_medicines"[0m
  ↳ app/controllers/user_medicines_controller.rb:4
Completed 200 OK in 3ms (Views: 0.9ms | ActiveRecord: 1.5ms)


Started GET "/user_medicines" for ::1 at 2019-08-11 13:44:20 +0100
Processing by UserMedicinesController#index as */*
  [1m[36mUserMedicine Load (0.9ms)[0m  [1m[34mSELECT "user_medicines".* FROM "user_medicines"[0m
  ↳ app/controllers/user_medicines_controller.rb:4
Completed 200 OK in 3ms (Views: 2.0ms | ActiveRecord: 0.9ms)


Started GET "/user_medicines" for ::1 at 2019-08-11 13:57:02 +0100
  [1m[35m (1.0ms)[0m  [1m[34mSELECT "schema_migrations"."version" FROM "schema_migrations" ORDER BY "schema_migrations"."version" ASC[0m
  ↳ /Users/kat/.rvm/gems/ruby-2.6.1/gems/activerecord-5.2.3/lib/active_record/log_subscriber.rb:98
Processing by UserMedicinesController#index as */*
  [1m[36mUserMedicine Load (0.6ms)[0m  [1m[34mSELECT "user_medicines".* FROM "user_medicines"[0m
  ↳ app/controllers/user_medicines_controller.rb:4
Completed 200 OK in 26ms (Views: 15.6ms | ActiveRecord: 9.0ms)


Started GET "/user_medicines" for ::1 at 2019-08-11 13:57:09 +0100
Processing by UserMedicinesController#index as */*
  [1m[36mUserMedicine Load (40.2ms)[0m  [1m[34mSELECT "user_medicines".* FROM "user_medicines"[0m
  ↳ app/controllers/user_medicines_controller.rb:4
Completed 200 OK in 42ms (Views: 1.2ms | ActiveRecord: 40.2ms)


Started GET "/user_medicines" for ::1 at 2019-08-11 13:58:09 +0100
Processing by UserMedicinesController#index as */*
  [1m[36mUserMedicine Load (2.0ms)[0m  [1m[34mSELECT "user_medicines".* FROM "user_medicines"[0m
  ↳ app/controllers/user_medicines_controller.rb:4
Completed 200 OK in 4ms (Views: 1.7ms | ActiveRecord: 2.0ms)


Started GET "/user_medicines" for ::1 at 2019-08-11 13:59:37 +0100
Processing by UserMedicinesController#index as */*
  [1m[36mUserMedicine Load (0.4ms)[0m  [1m[34mSELECT "user_medicines".* FROM "user_medicines"[0m
  ↳ app/controllers/user_medicines_controller.rb:4
Completed 200 OK in 2ms (Views: 1.1ms | ActiveRecord: 0.4ms)


Started GET "/user_medicines" for ::1 at 2019-08-11 13:59:48 +0100
Processing by UserMedicinesController#index as */*
  [1m[36mUserMedicine Load (0.4ms)[0m  [1m[34mSELECT "user_medicines".* FROM "user_medicines"[0m
  ↳ app/controllers/user_medicines_controller.rb:4
Completed 200 OK in 2ms (Views: 1.0ms | ActiveRecord: 0.4ms)


Started POST "/user_medicines" for ::1 at 2019-08-11 14:00:10 +0100
Processing by UserMedicinesController#create as */*
  Parameters: {"url"=>"https://www.nhs.uk/medicines/bisoprolol/", "dose"=>"10", "morning"=>true, "evening"=>false, "name"=>"Bisoprolol", "composite_id"=>"https://www.nhs.uk/medicines/bisoprolol/-10-A", "user_medicine"=>{"name"=>"Bisoprolol", "dose"=>"10", "morning"=>true, "evening"=>false, "composite_id"=>"https://www.nhs.uk/medicines/bisoprolol/-10-A", "url"=>"https://www.nhs.uk/medicines/bisoprolol/"}}
  [1m[35m (0.3ms)[0m  [1m[35mBEGIN[0m
  ↳ app/controllers/user_medicines_controller.rb:8
  [1m[36mUserMedicine Create (0.7ms)[0m  [1m[32mINSERT INTO "user_medicines" ("name", "dose", "morning", "evening", "composite_id", "url", "created_at", "updated_at") VALUES ($1, $2, $3, $4, $5, $6, $7, $8) RETURNING "id"[0m  [["name", "Bisoprolol"], ["dose", 10], ["morning", true], ["evening", false], ["composite_id", "https://www.nhs.uk/medicines/bisoprolol/-10-A"], ["url", "https://www.nhs.uk/medicines/bisoprolol/"], ["created_at", "2019-08-11 13:00:10.095699"], ["updated_at", "2019-08-11 13:00:10.095699"]]
  ↳ app/controllers/user_medicines_controller.rb:8
  [1m[35m (2.4ms)[0m  [1m[35mCOMMIT[0m
  ↳ app/controllers/user_medicines_controller.rb:8
Completed 500 Internal Server Error in 18ms (ActiveRecord: 3.4ms)


  
NameError (uninitialized constant ActiveModel::Serializer):
  
app/serializer/user_medicines_serializer.rb:1:in `<main>'
app/controllers/user_medicines_controller.rb:9:in `create'
  [1m[35m (0.3ms)[0m  [1m[34mSELECT pg_try_advisory_lock(5073945470573576205)[0m
  ↳ bin/rails:9
  [1m[35m (1.3ms)[0m  [1m[34mSELECT "schema_migrations"."version" FROM "schema_migrations" ORDER BY "schema_migrations"."version" ASC[0m
  ↳ bin/rails:9
Migrating to ChangeColumnDose (20190811130404)
  [1m[35m (0.4ms)[0m  [1m[34mSELECT pg_advisory_unlock(5073945470573576205)[0m
  ↳ bin/rails:9
  [1m[35m (0.3ms)[0m  [1m[34mSELECT pg_try_advisory_lock(5073945470573576205)[0m
  ↳ bin/rails:9
  [1m[35m (1.4ms)[0m  [1m[34mSELECT "schema_migrations"."version" FROM "schema_migrations" ORDER BY "schema_migrations"."version" ASC[0m
  ↳ bin/rails:9
Migrating to ChangeColumnDose (20190811130404)
  [1m[35m (0.4ms)[0m  [1m[34mSELECT pg_advisory_unlock(5073945470573576205)[0m
  ↳ bin/rails:9
  [1m[35m (0.3ms)[0m  [1m[34mSELECT pg_try_advisory_lock(5073945470573576205)[0m
  ↳ bin/rails:9
  [1m[35m (1.5ms)[0m  [1m[34mSELECT "schema_migrations"."version" FROM "schema_migrations" ORDER BY "schema_migrations"."version" ASC[0m
  ↳ bin/rails:9
Migrating to ChangeColumnDose (20190811130404)
  [1m[35m (0.4ms)[0m  [1m[34mSELECT pg_advisory_unlock(5073945470573576205)[0m
  ↳ bin/rails:9
  [1m[35m (0.2ms)[0m  [1m[34mSELECT pg_try_advisory_lock(5073945470573576205)[0m
  ↳ bin/rails:9
  [1m[35m (1.4ms)[0m  [1m[34mSELECT "schema_migrations"."version" FROM "schema_migrations" ORDER BY "schema_migrations"."version" ASC[0m
  ↳ bin/rails:9
Migrating to ChangeColumnDose (20190811130404)
  [1m[35m (0.3ms)[0m  [1m[34mSELECT pg_advisory_unlock(5073945470573576205)[0m
  ↳ bin/rails:9
  [1m[35m (0.2ms)[0m  [1m[34mSELECT pg_try_advisory_lock(5073945470573576205)[0m
  ↳ bin/rails:9
  [1m[35m (1.5ms)[0m  [1m[34mSELECT "schema_migrations"."version" FROM "schema_migrations" ORDER BY "schema_migrations"."version" ASC[0m
  ↳ bin/rails:9
Migrating to ChangeColumnDose (20190811130404)
  [1m[35m (0.3ms)[0m  [1m[34mSELECT pg_advisory_unlock(5073945470573576205)[0m
  ↳ bin/rails:9
  [1m[35m (0.3ms)[0m  [1m[34mSELECT pg_try_advisory_lock(5073945470573576205)[0m
  ↳ bin/rails:9
  [1m[35m (1.4ms)[0m  [1m[34mSELECT "schema_migrations"."version" FROM "schema_migrations" ORDER BY "schema_migrations"."version" ASC[0m
  ↳ bin/rails:9
Migrating to ChangeColumnDose (20190811130404)
  [1m[35m (0.4ms)[0m  [1m[35mBEGIN[0m
  ↳ bin/rails:9
  [1m[35m (26.6ms)[0m  [1m[35mALTER TABLE "user_medicines" ALTER COLUMN "dose" TYPE character varying[0m
  ↳ db/migrate/20190811130404_change_column_dose.rb:3
  [1m[36mActiveRecord::SchemaMigration Create (2.0ms)[0m  [1m[32mINSERT INTO "schema_migrations" ("version") VALUES ($1) RETURNING "version"[0m  [["version", "20190811130404"]]
  ↳ bin/rails:9
  [1m[35m (1.6ms)[0m  [1m[35mCOMMIT[0m
  ↳ bin/rails:9
  [1m[36mActiveRecord::InternalMetadata Load (1.6ms)[0m  [1m[34mSELECT  "ar_internal_metadata".* FROM "ar_internal_metadata" WHERE "ar_internal_metadata"."key" = $1 LIMIT $2[0m  [["key", "environment"], ["LIMIT", 1]]
  ↳ bin/rails:9
  [1m[35m (0.2ms)[0m  [1m[35mBEGIN[0m
  ↳ bin/rails:9
  [1m[35m (0.1ms)[0m  [1m[35mCOMMIT[0m
  ↳ bin/rails:9
  [1m[35m (0.3ms)[0m  [1m[34mSELECT pg_advisory_unlock(5073945470573576205)[0m
  ↳ bin/rails:9
  [1m[35m (0.2ms)[0m  [1m[34mSELECT "schema_migrations"."version" FROM "schema_migrations" ORDER BY "schema_migrations"."version" ASC[0m
  ↳ bin/rails:9
Started GET "/user_medicines" for ::1 at 2019-08-11 14:10:21 +0100
  [1m[35m (4.0ms)[0m  [1m[34mSELECT "schema_migrations"."version" FROM "schema_migrations" ORDER BY "schema_migrations"."version" ASC[0m
  ↳ /Users/kat/.rvm/gems/ruby-2.6.1/gems/activerecord-5.2.3/lib/active_record/log_subscriber.rb:98
Processing by UserMedicinesController#index as */*
  [1m[36mUserMedicine Load (0.7ms)[0m  [1m[34mSELECT "user_medicines".* FROM "user_medicines"[0m
  ↳ app/controllers/user_medicines_controller.rb:4
Completed 200 OK in 21ms (Views: 10.5ms | ActiveRecord: 8.7ms)


Started POST "/user_medicines" for ::1 at 2019-08-11 14:10:52 +0100
Processing by UserMedicinesController#create as */*
  Parameters: {"url"=>"https://www.nhs.uk/medicines/candesartan/", "dose"=>"20", "morning"=>false, "evening"=>true, "name"=>"Candesartan", "composite_id"=>"https://www.nhs.uk/medicines/candesartan/-20-P", "user_medicine"=>{"name"=>"Candesartan", "dose"=>"20", "morning"=>false, "evening"=>true, "composite_id"=>"https://www.nhs.uk/medicines/candesartan/-20-P", "url"=>"https://www.nhs.uk/medicines/candesartan/"}}
  [1m[35m (13.2ms)[0m  [1m[35mBEGIN[0m
  ↳ app/controllers/user_medicines_controller.rb:8
  [1m[36mUserMedicine Create (15.4ms)[0m  [1m[32mINSERT INTO "user_medicines" ("name", "dose", "morning", "evening", "composite_id", "url", "created_at", "updated_at") VALUES ($1, $2, $3, $4, $5, $6, $7, $8) RETURNING "id"[0m  [["name", "Candesartan"], ["dose", "20"], ["morning", false], ["evening", true], ["composite_id", "https://www.nhs.uk/medicines/candesartan/-20-P"], ["url", "https://www.nhs.uk/medicines/candesartan/"], ["created_at", "2019-08-11 13:10:52.689331"], ["updated_at", "2019-08-11 13:10:52.689331"]]
  ↳ app/controllers/user_medicines_controller.rb:8
  [1m[35m (8.6ms)[0m  [1m[35mCOMMIT[0m
  ↳ app/controllers/user_medicines_controller.rb:8
Completed 500 Internal Server Error in 59ms (ActiveRecord: 37.2ms)


  
NameError (uninitialized constant ActiveModel::Serializer):
  
app/serializer/user_medicines_serializer.rb:1:in `<main>'
app/controllers/user_medicines_controller.rb:9:in `create'
Started GET "/user_medicines" for ::1 at 2019-08-11 14:13:17 +0100
Processing by UserMedicinesController#index as */*
  [1m[36mUserMedicine Load (3.5ms)[0m  [1m[34mSELECT "user_medicines".* FROM "user_medicines"[0m
  ↳ app/controllers/user_medicines_controller.rb:4
Completed 200 OK in 5ms (Views: 1.7ms | ActiveRecord: 3.5ms)


Started POST "/user_medicines" for ::1 at 2019-08-11 14:13:49 +0100
Processing by UserMedicinesController#create as */*
  Parameters: {"url"=>"https://www.nhs.uk/medicines/atorvastatin/", "dose"=>"20", "morning"=>false, "evening"=>true, "name"=>"Atorvastatin", "composite_id"=>"https://www.nhs.uk/medicines/atorvastatin/-20-P", "user_id"=>1, "user_medicine"=>{"name"=>"Atorvastatin", "dose"=>"20", "morning"=>false, "evening"=>true, "composite_id"=>"https://www.nhs.uk/medicines/atorvastatin/-20-P", "url"=>"https://www.nhs.uk/medicines/atorvastatin/", "user_id"=>1}}
  [1m[35m (15.1ms)[0m  [1m[35mBEGIN[0m
  ↳ app/controllers/user_medicines_controller.rb:8
  [1m[36mUserMedicine Create (13.2ms)[0m  [1m[32mINSERT INTO "user_medicines" ("name", "dose", "morning", "evening", "composite_id", "url", "user_id", "created_at", "updated_at") VALUES ($1, $2, $3, $4, $5, $6, $7, $8, $9) RETURNING "id"[0m  [["name", "Atorvastatin"], ["dose", "20"], ["morning", false], ["evening", true], ["composite_id", "https://www.nhs.uk/medicines/atorvastatin/-20-P"], ["url", "https://www.nhs.uk/medicines/atorvastatin/"], ["user_id", 1], ["created_at", "2019-08-11 13:13:49.086655"], ["updated_at", "2019-08-11 13:13:49.086655"]]
  ↳ app/controllers/user_medicines_controller.rb:8
  [1m[35m (10.8ms)[0m  [1m[35mCOMMIT[0m
  ↳ app/controllers/user_medicines_controller.rb:8
Completed 500 Internal Server Error in 64ms (ActiveRecord: 39.1ms)


  
NameError (uninitialized constant ActiveModel::Serializer):
  
app/serializer/user_medicines_serializer.rb:1:in `<main>'
app/controllers/user_medicines_controller.rb:9:in `create'
Started GET "/user_medicines" for ::1 at 2019-08-11 14:14:29 +0100
Processing by UserMedicinesController#index as */*
  [1m[36mUserMedicine Load (8.8ms)[0m  [1m[34mSELECT "user_medicines".* FROM "user_medicines"[0m
  ↳ app/controllers/user_medicines_controller.rb:4
Completed 200 OK in 123ms (Views: 16.0ms | ActiveRecord: 105.7ms)


Started GET "/user_medicines" for ::1 at 2019-08-11 14:16:00 +0100
Processing by UserMedicinesController#index as */*
  [1m[36mUserMedicine Load (23.2ms)[0m  [1m[34mSELECT "user_medicines".* FROM "user_medicines"[0m
  ↳ app/controllers/user_medicines_controller.rb:4
Completed 200 OK in 61ms (Views: 13.3ms | ActiveRecord: 45.7ms)


Started POST "/user_medicines" for ::1 at 2019-08-11 14:16:08 +0100
Processing by UserMedicinesController#create as */*
  Parameters: {"url"=>"https://www.nhs.uk/medicines/cetirizine/", "dose"=>"10", "morning"=>true, "evening"=>false, "name"=>"Cetirizine", "composite_id"=>"https://www.nhs.uk/medicines/cetirizine/-10-A", "user_id"=>1, "user_medicine"=>{"name"=>"Cetirizine", "dose"=>"10", "morning"=>true, "evening"=>false, "composite_id"=>"https://www.nhs.uk/medicines/cetirizine/-10-A", "url"=>"https://www.nhs.uk/medicines/cetirizine/", "user_id"=>1}}
  [1m[35m (21.6ms)[0m  [1m[35mBEGIN[0m
  ↳ app/controllers/user_medicines_controller.rb:8
  [1m[36mUserMedicine Create (12.0ms)[0m  [1m[32mINSERT INTO "user_medicines" ("name", "dose", "morning", "evening", "composite_id", "url", "user_id", "created_at", "updated_at") VALUES ($1, $2, $3, $4, $5, $6, $7, $8, $9) RETURNING "id"[0m  [["name", "Cetirizine"], ["dose", "10"], ["morning", true], ["evening", false], ["composite_id", "https://www.nhs.uk/medicines/cetirizine/-10-A"], ["url", "https://www.nhs.uk/medicines/cetirizine/"], ["user_id", 1], ["created_at", "2019-08-11 13:16:08.352822"], ["updated_at", "2019-08-11 13:16:08.352822"]]
  ↳ app/controllers/user_medicines_controller.rb:8
  [1m[35m (1.8ms)[0m  [1m[35mCOMMIT[0m
  ↳ app/controllers/user_medicines_controller.rb:8
Completed 500 Internal Server Error in 45ms (ActiveRecord: 35.5ms)


  
NameError (uninitialized constant ActiveModel::Serializer):
  
app/serializer/user_medicines_serializer.rb:1:in `<main>'
app/controllers/user_medicines_controller.rb:9:in `create'
Started GET "/user_medicines" for ::1 at 2019-08-11 14:17:27 +0100
  [1m[35m (2.2ms)[0m  [1m[34mSELECT "schema_migrations"."version" FROM "schema_migrations" ORDER BY "schema_migrations"."version" ASC[0m
  ↳ /Users/kat/.rvm/gems/ruby-2.6.1/gems/activerecord-5.2.3/lib/active_record/log_subscriber.rb:98
Processing by UserMedicinesController#index as */*
  [1m[36mUserMedicine Load (1.8ms)[0m  [1m[34mSELECT "user_medicines".* FROM "user_medicines"[0m
  ↳ app/controllers/user_medicines_controller.rb:4
Completed 200 OK in 25ms (Views: 10.1ms | ActiveRecord: 12.2ms)


Started POST "/user_medicines" for ::1 at 2019-08-11 14:17:41 +0100
Processing by UserMedicinesController#create as */*
  Parameters: {"url"=>"https://www.nhs.uk/medicines/adalimumab/", "dose"=>"10", "morning"=>true, "evening"=>false, "name"=>"Adalimumab", "composite_id"=>"https://www.nhs.uk/medicines/adalimumab/-10-A", "user_id"=>1, "user_medicine"=>{"name"=>"Adalimumab", "dose"=>"10", "morning"=>true, "evening"=>false, "composite_id"=>"https://www.nhs.uk/medicines/adalimumab/-10-A", "url"=>"https://www.nhs.uk/medicines/adalimumab/", "user_id"=>1}}
  [1m[35m (19.6ms)[0m  [1m[35mBEGIN[0m
  ↳ app/controllers/user_medicines_controller.rb:8
  [1m[36mUserMedicine Create (0.8ms)[0m  [1m[32mINSERT INTO "user_medicines" ("name", "dose", "morning", "evening", "composite_id", "url", "user_id", "created_at", "updated_at") VALUES ($1, $2, $3, $4, $5, $6, $7, $8, $9) RETURNING "id"[0m  [["name", "Adalimumab"], ["dose", "10"], ["morning", true], ["evening", false], ["composite_id", "https://www.nhs.uk/medicines/adalimumab/-10-A"], ["url", "https://www.nhs.uk/medicines/adalimumab/"], ["user_id", 1], ["created_at", "2019-08-11 13:17:41.188318"], ["updated_at", "2019-08-11 13:17:41.188318"]]
  ↳ app/controllers/user_medicines_controller.rb:8
  [1m[35m (2.9ms)[0m  [1m[35mCOMMIT[0m
  ↳ app/controllers/user_medicines_controller.rb:8
Completed 500 Internal Server Error in 34ms (ActiveRecord: 23.2ms)


  
NameError (uninitialized constant ActiveModel::Serializer):
  
app/serializer/user_medicines_serializer.rb:1:in `<main>'
app/controllers/user_medicines_controller.rb:9:in `create'
Started GET "/user_medicines" for ::1 at 2019-08-11 14:26:17 +0100
Processing by UserMedicinesController#index as */*
  [1m[36mUserMedicine Load (3.5ms)[0m  [1m[34mSELECT "user_medicines".* FROM "user_medicines"[0m
  ↳ app/controllers/user_medicines_controller.rb:4
Completed 200 OK in 7ms (Views: 2.7ms | ActiveRecord: 3.5ms)


Started POST "/user_medicines" for ::1 at 2019-08-11 14:26:30 +0100
Processing by UserMedicinesController#create as */*
  Parameters: {"url"=>"https://www.nhs.uk/medicines/bumetanide/", "dose"=>"10", "morning"=>true, "evening"=>false, "name"=>"Bumetanide", "composite_id"=>"https://www.nhs.uk/medicines/bumetanide/-10-A", "user_id"=>1, "user_medicine"=>{"name"=>"Bumetanide", "dose"=>"10", "morning"=>true, "evening"=>false, "composite_id"=>"https://www.nhs.uk/medicines/bumetanide/-10-A", "url"=>"https://www.nhs.uk/medicines/bumetanide/", "user_id"=>1}}
  [1m[35m (0.3ms)[0m  [1m[35mBEGIN[0m
  ↳ app/controllers/user_medicines_controller.rb:8
  [1m[36mUserMedicine Create (10.4ms)[0m  [1m[32mINSERT INTO "user_medicines" ("name", "dose", "morning", "evening", "composite_id", "url", "user_id", "created_at", "updated_at") VALUES ($1, $2, $3, $4, $5, $6, $7, $8, $9) RETURNING "id"[0m  [["name", "Bumetanide"], ["dose", "10"], ["morning", true], ["evening", false], ["composite_id", "https://www.nhs.uk/medicines/bumetanide/-10-A"], ["url", "https://www.nhs.uk/medicines/bumetanide/"], ["user_id", 1], ["created_at", "2019-08-11 13:26:30.756782"], ["updated_at", "2019-08-11 13:26:30.756782"]]
  ↳ app/controllers/user_medicines_controller.rb:8
  [1m[35m (1.9ms)[0m  [1m[35mCOMMIT[0m
  ↳ app/controllers/user_medicines_controller.rb:8
Completed 500 Internal Server Error in 16ms (ActiveRecord: 12.6ms)


  
NameError (uninitialized constant UserMedicinesController::UserMedicinesSerializer):
  
app/controllers/user_medicines_controller.rb:9:in `create'
Started GET "/user_medicines" for ::1 at 2019-08-11 14:29:23 +0100
Processing by UserMedicinesController#index as */*
  [1m[36mUserMedicine Load (39.2ms)[0m  [1m[34mSELECT "user_medicines".* FROM "user_medicines"[0m
  ↳ app/controllers/user_medicines_controller.rb:4
Completed 200 OK in 147ms (Views: 20.3ms | ActiveRecord: 125.5ms)


Started POST "/user_medicines" for ::1 at 2019-08-11 14:29:51 +0100
Processing by UserMedicinesController#create as */*
  Parameters: {"url"=>"https://www.nhs.uk/medicines/chlorphenamine-including-piriton/", "dose"=>"10", "morning"=>false, "evening"=>true, "name"=>"Chlorphenamine (including Piriton)", "composite_id"=>"https://www.nhs.uk/medicines/chlorphenamine-including-piriton/-10-P", "user_id"=>1, "user_medicine"=>{"name"=>"Chlorphenamine (including Piriton)", "dose"=>"10", "morning"=>false, "evening"=>true, "composite_id"=>"https://www.nhs.uk/medicines/chlorphenamine-including-piriton/-10-P", "url"=>"https://www.nhs.uk/medicines/chlorphenamine-including-piriton/", "user_id"=>1}}
  [1m[35m (6.5ms)[0m  [1m[35mBEGIN[0m
  ↳ app/controllers/user_medicines_controller.rb:8
  [1m[36mUserMedicine Create (0.8ms)[0m  [1m[32mINSERT INTO "user_medicines" ("name", "dose", "morning", "evening", "composite_id", "url", "user_id", "created_at", "updated_at") VALUES ($1, $2, $3, $4, $5, $6, $7, $8, $9) RETURNING "id"[0m  [["name", "Chlorphenamine (including Piriton)"], ["dose", "10"], ["morning", false], ["evening", true], ["composite_id", "https://www.nhs.uk/medicines/chlorphenamine-including-piriton/-10-P"], ["url", "https://www.nhs.uk/medicines/chlorphenamine-including-piriton/"], ["user_id", 1], ["created_at", "2019-08-11 13:29:51.276567"], ["updated_at", "2019-08-11 13:29:51.276567"]]
  ↳ app/controllers/user_medicines_controller.rb:8
  [1m[35m (11.8ms)[0m  [1m[35mCOMMIT[0m
  ↳ app/controllers/user_medicines_controller.rb:8
Completed 200 OK in 24ms (Views: 0.4ms | ActiveRecord: 19.1ms)


Started GET "/user_medicines" for ::1 at 2019-08-11 14:30:25 +0100
Processing by UserMedicinesController#index as */*
  [1m[36mUserMedicine Load (1.6ms)[0m  [1m[34mSELECT "user_medicines".* FROM "user_medicines"[0m
  ↳ app/controllers/user_medicines_controller.rb:4
Completed 200 OK in 6ms (Views: 3.7ms | ActiveRecord: 1.6ms)


Started GET "/user_medicines" for ::1 at 2019-08-11 14:31:26 +0100
Processing by UserMedicinesController#index as */*
  [1m[36mUserMedicine Load (0.5ms)[0m  [1m[34mSELECT "user_medicines".* FROM "user_medicines"[0m
  ↳ app/controllers/user_medicines_controller.rb:4
Completed 200 OK in 3ms (Views: 2.5ms | ActiveRecord: 0.5ms)


Started POST "/user_medicines" for ::1 at 2019-08-11 14:31:39 +0100
Processing by UserMedicinesController#create as */*
  Parameters: {"url"=>"https://www.nhs.uk/medicines/buscopan-hyoscine-butylbromide/", "dose"=>"20", "morning"=>true, "evening"=>false, "name"=>"Buscopan (hyoscine butylbromide)", "composite_id"=>"https://www.nhs.uk/medicines/buscopan-hyoscine-butylbromide/-20-A", "user_id"=>1, "user_medicine"=>{"name"=>"Buscopan (hyoscine butylbromide)", "dose"=>"20", "morning"=>true, "evening"=>false, "composite_id"=>"https://www.nhs.uk/medicines/buscopan-hyoscine-butylbromide/-20-A", "url"=>"https://www.nhs.uk/medicines/buscopan-hyoscine-butylbromide/", "user_id"=>1}}
  [1m[35m (38.0ms)[0m  [1m[35mBEGIN[0m
  ↳ app/controllers/user_medicines_controller.rb:8
  [1m[36mUserMedicine Create (0.7ms)[0m  [1m[32mINSERT INTO "user_medicines" ("name", "dose", "morning", "evening", "composite_id", "url", "user_id", "created_at", "updated_at") VALUES ($1, $2, $3, $4, $5, $6, $7, $8, $9) RETURNING "id"[0m  [["name", "Buscopan (hyoscine butylbromide)"], ["dose", "20"], ["morning", true], ["evening", false], ["composite_id", "https://www.nhs.uk/medicines/buscopan-hyoscine-butylbromide/-20-A"], ["url", "https://www.nhs.uk/medicines/buscopan-hyoscine-butylbromide/"], ["user_id", 1], ["created_at", "2019-08-11 13:31:39.735030"], ["updated_at", "2019-08-11 13:31:39.735030"]]
  ↳ app/controllers/user_medicines_controller.rb:8
  [1m[35m (1.7ms)[0m  [1m[35mCOMMIT[0m
  ↳ app/controllers/user_medicines_controller.rb:8
Completed 200 OK in 43ms (Views: 0.1ms | ActiveRecord: 40.4ms)


Started GET "/user_medicines" for ::1 at 2019-08-11 14:31:49 +0100
Processing by UserMedicinesController#index as */*
  [1m[36mUserMedicine Load (0.8ms)[0m  [1m[34mSELECT "user_medicines".* FROM "user_medicines"[0m
  ↳ app/controllers/user_medicines_controller.rb:4
Completed 200 OK in 4ms (Views: 3.4ms | ActiveRecord: 0.8ms)


Started GET "/user_medicines" for ::1 at 2019-08-11 14:33:17 +0100
Processing by UserMedicinesController#index as */*
  [1m[36mUserMedicine Load (20.5ms)[0m  [1m[34mSELECT "user_medicines".* FROM "user_medicines"[0m
  ↳ app/controllers/user_medicines_controller.rb:4
Completed 200 OK in 23ms (Views: 2.8ms | ActiveRecord: 20.5ms)


Started GET "/user_medicines" for ::1 at 2019-08-11 14:33:39 +0100
Processing by UserMedicinesController#index as */*
  [1m[36mUserMedicine Load (51.2ms)[0m  [1m[34mSELECT "user_medicines".* FROM "user_medicines"[0m
  ↳ app/controllers/user_medicines_controller.rb:4
Completed 200 OK in 56ms (Views: 4.7ms | ActiveRecord: 51.2ms)


Started GET "/user_medicines" for ::1 at 2019-08-11 14:36:05 +0100
Processing by UserMedicinesController#index as */*
  [1m[36mUserMedicine Load (2.5ms)[0m  [1m[34mSELECT "user_medicines".* FROM "user_medicines"[0m
  ↳ app/controllers/user_medicines_controller.rb:4
Completed 200 OK in 6ms (Views: 3.5ms | ActiveRecord: 2.5ms)


Started GET "/user_medicines" for ::1 at 2019-08-11 14:36:17 +0100
Processing by UserMedicinesController#index as */*
  [1m[36mUserMedicine Load (2.5ms)[0m  [1m[34mSELECT "user_medicines".* FROM "user_medicines"[0m
  ↳ app/controllers/user_medicines_controller.rb:4
Completed 200 OK in 5ms (Views: 2.6ms | ActiveRecord: 2.5ms)


Started POST "/user_medicines" for ::1 at 2019-08-11 14:36:31 +0100
Processing by UserMedicinesController#create as */*
  Parameters: {"url"=>"https://www.nhs.uk/medicines/aspirin-for-pain-relief/", "dose"=>"30", "morning"=>false, "evening"=>true, "name"=>"Aspirin for pain relief", "composite_id"=>"https://www.nhs.uk/medicines/aspirin-for-pain-relief/-30-P", "user_id"=>1, "user_medicine"=>{"name"=>"Aspirin for pain relief", "dose"=>"30", "morning"=>false, "evening"=>true, "composite_id"=>"https://www.nhs.uk/medicines/aspirin-for-pain-relief/-30-P", "url"=>"https://www.nhs.uk/medicines/aspirin-for-pain-relief/", "user_id"=>1}}
  [1m[35m (0.3ms)[0m  [1m[35mBEGIN[0m
  ↳ app/controllers/user_medicines_controller.rb:8
  [1m[36mUserMedicine Create (0.8ms)[0m  [1m[32mINSERT INTO "user_medicines" ("name", "dose", "morning", "evening", "composite_id", "url", "user_id", "created_at", "updated_at") VALUES ($1, $2, $3, $4, $5, $6, $7, $8, $9) RETURNING "id"[0m  [["name", "Aspirin for pain relief"], ["dose", "30"], ["morning", false], ["evening", true], ["composite_id", "https://www.nhs.uk/medicines/aspirin-for-pain-relief/-30-P"], ["url", "https://www.nhs.uk/medicines/aspirin-for-pain-relief/"], ["user_id", 1], ["created_at", "2019-08-11 13:36:31.268952"], ["updated_at", "2019-08-11 13:36:31.268952"]]
  ↳ app/controllers/user_medicines_controller.rb:8
  [1m[35m (14.1ms)[0m  [1m[35mCOMMIT[0m
  ↳ app/controllers/user_medicines_controller.rb:8
Completed 200 OK in 20ms (Views: 0.5ms | ActiveRecord: 15.2ms)


Started GET "/user_medicines" for ::1 at 2019-08-11 14:36:31 +0100
Processing by UserMedicinesController#index as */*
  [1m[36mUserMedicine Load (5.1ms)[0m  [1m[34mSELECT "user_medicines".* FROM "user_medicines"[0m
  ↳ app/controllers/user_medicines_controller.rb:4
Completed 200 OK in 11ms (Views: 6.1ms | ActiveRecord: 5.1ms)


Started GET "/user_medicines" for ::1 at 2019-08-11 14:36:47 +0100
Processing by UserMedicinesController#index as */*
  [1m[36mUserMedicine Load (0.4ms)[0m  [1m[34mSELECT "user_medicines".* FROM "user_medicines"[0m
  ↳ app/controllers/user_medicines_controller.rb:4
Completed 200 OK in 3ms (Views: 2.7ms | ActiveRecord: 0.4ms)


Started GET "/user_medicines" for ::1 at 2019-08-11 14:38:11 +0100
Processing by UserMedicinesController#index as */*
  [1m[36mUserMedicine Load (2.6ms)[0m  [1m[34mSELECT "user_medicines".* FROM "user_medicines"[0m
  ↳ app/controllers/user_medicines_controller.rb:4
Completed 200 OK in 7ms (Views: 3.9ms | ActiveRecord: 2.6ms)


Started GET "/user_medicines" for ::1 at 2019-08-11 14:40:21 +0100
Processing by UserMedicinesController#index as */*
  [1m[36mUserMedicine Load (52.8ms)[0m  [1m[34mSELECT "user_medicines".* FROM "user_medicines"[0m
  ↳ app/controllers/user_medicines_controller.rb:4
Completed 200 OK in 56ms (Views: 3.2ms | ActiveRecord: 52.8ms)


Started GET "/user_medicines" for ::1 at 2019-08-11 14:40:28 +0100
Processing by UserMedicinesController#index as */*
  [1m[36mUserMedicine Load (0.4ms)[0m  [1m[34mSELECT "user_medicines".* FROM "user_medicines"[0m
  ↳ app/controllers/user_medicines_controller.rb:4
Completed 200 OK in 3ms (Views: 2.4ms | ActiveRecord: 0.4ms)


Started GET "/user_medicines" for ::1 at 2019-08-11 14:40:47 +0100
Processing by UserMedicinesController#index as */*
  [1m[36mUserMedicine Load (0.3ms)[0m  [1m[34mSELECT "user_medicines".* FROM "user_medicines"[0m
  ↳ app/controllers/user_medicines_controller.rb:4
Completed 200 OK in 3ms (Views: 2.4ms | ActiveRecord: 0.3ms)


Started GET "/user_medicines" for ::1 at 2019-08-11 14:41:21 +0100
Processing by UserMedicinesController#index as */*
  [1m[36mUserMedicine Load (0.7ms)[0m  [1m[34mSELECT "user_medicines".* FROM "user_medicines"[0m
  ↳ app/controllers/user_medicines_controller.rb:4
Completed 200 OK in 4ms (Views: 3.3ms | ActiveRecord: 0.7ms)


Started GET "/user_medicines" for ::1 at 2019-08-11 14:42:12 +0100
Processing by UserMedicinesController#index as */*
  [1m[36mUserMedicine Load (0.4ms)[0m  [1m[34mSELECT "user_medicines".* FROM "user_medicines"[0m
  ↳ app/controllers/user_medicines_controller.rb:4
Completed 200 OK in 3ms (Views: 2.0ms | ActiveRecord: 0.4ms)


Started GET "/user_medicines" for ::1 at 2019-08-11 14:43:16 +0100
Processing by UserMedicinesController#index as */*
  [1m[36mUserMedicine Load (69.0ms)[0m  [1m[34mSELECT "user_medicines".* FROM "user_medicines"[0m
  ↳ app/controllers/user_medicines_controller.rb:4
Completed 200 OK in 73ms (Views: 3.6ms | ActiveRecord: 69.0ms)


Started GET "/user_medicines" for ::1 at 2019-08-11 14:43:26 +0100
Processing by UserMedicinesController#index as */*
  [1m[36mUserMedicine Load (0.7ms)[0m  [1m[34mSELECT "user_medicines".* FROM "user_medicines"[0m
  ↳ app/controllers/user_medicines_controller.rb:4
Completed 200 OK in 4ms (Views: 3.4ms | ActiveRecord: 0.7ms)


Started GET "/user_medicines" for ::1 at 2019-08-11 14:46:04 +0100
Processing by UserMedicinesController#index as */*
  [1m[36mUserMedicine Load (2.1ms)[0m  [1m[34mSELECT "user_medicines".* FROM "user_medicines"[0m
  ↳ app/controllers/user_medicines_controller.rb:4
Completed 200 OK in 5ms (Views: 2.9ms | ActiveRecord: 2.1ms)


Started DELETE "/user_medicines/8" for ::1 at 2019-08-11 14:46:45 +0100
Processing by UserMedicinesController#destroy as */*
  Parameters: {"id"=>"8"}
  [1m[36mUserMedicine Load (0.3ms)[0m  [1m[34mSELECT  "user_medicines".* FROM "user_medicines" WHERE "user_medicines"."id" = $1 LIMIT $2[0m  [["id", 8], ["LIMIT", 1]]
  ↳ app/controllers/user_medicines_controller.rb:19
  [1m[35m (2.3ms)[0m  [1m[35mBEGIN[0m
  ↳ app/controllers/user_medicines_controller.rb:20
  [1m[36mUserMedicine Destroy (18.1ms)[0m  [1m[31mDELETE FROM "user_medicines" WHERE "user_medicines"."id" = $1[0m  [["id", 8]]
  ↳ app/controllers/user_medicines_controller.rb:20
  [1m[35m (4.8ms)[0m  [1m[35mCOMMIT[0m
  ↳ app/controllers/user_medicines_controller.rb:20
Completed 200 OK in 80ms (Views: 0.2ms | ActiveRecord: 53.9ms)


Started GET "/user_medicines" for ::1 at 2019-08-11 14:46:46 +0100
Processing by UserMedicinesController#index as */*
  [1m[36mUserMedicine Load (0.8ms)[0m  [1m[34mSELECT "user_medicines".* FROM "user_medicines"[0m
  ↳ app/controllers/user_medicines_controller.rb:4
Completed 200 OK in 3ms (Views: 2.3ms | ActiveRecord: 0.8ms)


Started DELETE "/user_medicines/10" for ::1 at 2019-08-11 14:47:16 +0100
Processing by UserMedicinesController#destroy as */*
  Parameters: {"id"=>"10"}
  [1m[36mUserMedicine Load (1.5ms)[0m  [1m[34mSELECT  "user_medicines".* FROM "user_medicines" WHERE "user_medicines"."id" = $1 LIMIT $2[0m  [["id", 10], ["LIMIT", 1]]
  ↳ app/controllers/user_medicines_controller.rb:19
  [1m[35m (11.9ms)[0m  [1m[35mBEGIN[0m
  ↳ app/controllers/user_medicines_controller.rb:20
  [1m[36mUserMedicine Destroy (4.9ms)[0m  [1m[31mDELETE FROM "user_medicines" WHERE "user_medicines"."id" = $1[0m  [["id", 10]]
  ↳ app/controllers/user_medicines_controller.rb:20
  [1m[35m (6.4ms)[0m  [1m[35mCOMMIT[0m
  ↳ app/controllers/user_medicines_controller.rb:20
Completed 200 OK in 30ms (Views: 0.5ms | ActiveRecord: 24.7ms)


Started GET "/user_medicines" for ::1 at 2019-08-11 14:47:16 +0100
Processing by UserMedicinesController#index as */*
  [1m[36mUserMedicine Load (0.7ms)[0m  [1m[34mSELECT "user_medicines".* FROM "user_medicines"[0m
  ↳ app/controllers/user_medicines_controller.rb:4
Completed 200 OK in 4ms (Views: 2.5ms | ActiveRecord: 0.7ms)


Started DELETE "/user_medicines/9" for ::1 at 2019-08-11 14:47:36 +0100
Processing by UserMedicinesController#destroy as */*
  Parameters: {"id"=>"9"}
  [1m[36mUserMedicine Load (1.2ms)[0m  [1m[34mSELECT  "user_medicines".* FROM "user_medicines" WHERE "user_medicines"."id" = $1 LIMIT $2[0m  [["id", 9], ["LIMIT", 1]]
  ↳ app/controllers/user_medicines_controller.rb:19
  [1m[35m (2.5ms)[0m  [1m[35mBEGIN[0m
  ↳ app/controllers/user_medicines_controller.rb:20
  [1m[36mUserMedicine Destroy (5.2ms)[0m  [1m[31mDELETE FROM "user_medicines" WHERE "user_medicines"."id" = $1[0m  [["id", 9]]
  ↳ app/controllers/user_medicines_controller.rb:20
  [1m[35m (13.7ms)[0m  [1m[35mCOMMIT[0m
  ↳ app/controllers/user_medicines_controller.rb:20
Completed 200 OK in 26ms (Views: 0.2ms | ActiveRecord: 22.6ms)


Started GET "/user_medicines" for ::1 at 2019-08-11 14:47:36 +0100
Processing by UserMedicinesController#index as */*
  [1m[36mUserMedicine Load (0.8ms)[0m  [1m[34mSELECT "user_medicines".* FROM "user_medicines"[0m
  ↳ app/controllers/user_medicines_controller.rb:4
Completed 200 OK in 4ms (Views: 2.7ms | ActiveRecord: 0.8ms)


Started DELETE "/user_medicines/6" for ::1 at 2019-08-11 14:47:41 +0100
Processing by UserMedicinesController#destroy as */*
  Parameters: {"id"=>"6"}
  [1m[36mUserMedicine Load (0.6ms)[0m  [1m[34mSELECT  "user_medicines".* FROM "user_medicines" WHERE "user_medicines"."id" = $1 LIMIT $2[0m  [["id", 6], ["LIMIT", 1]]
  ↳ app/controllers/user_medicines_controller.rb:19
  [1m[35m (0.2ms)[0m  [1m[35mBEGIN[0m
  ↳ app/controllers/user_medicines_controller.rb:20
  [1m[36mUserMedicine Destroy (0.4ms)[0m  [1m[31mDELETE FROM "user_medicines" WHERE "user_medicines"."id" = $1[0m  [["id", 6]]
  ↳ app/controllers/user_medicines_controller.rb:20
  [1m[35m (6.4ms)[0m  [1m[35mCOMMIT[0m
  ↳ app/controllers/user_medicines_controller.rb:20
Completed 200 OK in 13ms (Views: 1.3ms | ActiveRecord: 7.6ms)


Started GET "/user_medicines" for ::1 at 2019-08-11 14:47:41 +0100
Processing by UserMedicinesController#index as */*
  [1m[36mUserMedicine Load (1.1ms)[0m  [1m[34mSELECT "user_medicines".* FROM "user_medicines"[0m
  ↳ app/controllers/user_medicines_controller.rb:4
Completed 200 OK in 4ms (Views: 2.4ms | ActiveRecord: 1.1ms)


Started DELETE "/user_medicines/7" for ::1 at 2019-08-11 14:47:49 +0100
Processing by UserMedicinesController#destroy as */*
  Parameters: {"id"=>"7"}
  [1m[36mUserMedicine Load (65.2ms)[0m  [1m[34mSELECT  "user_medicines".* FROM "user_medicines" WHERE "user_medicines"."id" = $1 LIMIT $2[0m  [["id", 7], ["LIMIT", 1]]
  ↳ app/controllers/user_medicines_controller.rb:19
  [1m[35m (14.8ms)[0m  [1m[35mBEGIN[0m
  ↳ app/controllers/user_medicines_controller.rb:20
  [1m[36mUserMedicine Destroy (1.0ms)[0m  [1m[31mDELETE FROM "user_medicines" WHERE "user_medicines"."id" = $1[0m  [["id", 7]]
  ↳ app/controllers/user_medicines_controller.rb:20
  [1m[35m (9.6ms)[0m  [1m[35mCOMMIT[0m
  ↳ app/controllers/user_medicines_controller.rb:20
Completed 200 OK in 94ms (Views: 0.2ms | ActiveRecord: 90.5ms)


Started GET "/user_medicines" for ::1 at 2019-08-11 14:47:50 +0100
Processing by UserMedicinesController#index as */*
  [1m[36mUserMedicine Load (0.6ms)[0m  [1m[34mSELECT "user_medicines".* FROM "user_medicines"[0m
  ↳ app/controllers/user_medicines_controller.rb:4
Completed 200 OK in 3ms (Views: 2.5ms | ActiveRecord: 0.6ms)


Started GET "/user_medicines" for ::1 at 2019-08-11 14:50:10 +0100
Processing by UserMedicinesController#index as */*
  [1m[36mUserMedicine Load (35.9ms)[0m  [1m[34mSELECT "user_medicines".* FROM "user_medicines"[0m
  ↳ app/controllers/user_medicines_controller.rb:4
Completed 200 OK in 66ms (Views: 14.5ms | ActiveRecord: 50.1ms)


Started GET "/user_medicines" for ::1 at 2019-08-11 14:50:14 +0100
Processing by UserMedicinesController#index as */*
  [1m[36mUserMedicine Load (57.8ms)[0m  [1m[34mSELECT "user_medicines".* FROM "user_medicines"[0m
  ↳ app/controllers/user_medicines_controller.rb:4
Completed 200 OK in 60ms (Views: 2.0ms | ActiveRecord: 57.8ms)


Started GET "/user_medicines" for ::1 at 2019-08-11 14:54:22 +0100
Processing by UserMedicinesController#index as */*
  [1m[36mUserMedicine Load (0.6ms)[0m  [1m[34mSELECT "user_medicines".* FROM "user_medicines"[0m
  ↳ app/controllers/user_medicines_controller.rb:4
Completed 200 OK in 2ms (Views: 1.2ms | ActiveRecord: 0.6ms)


Started GET "/user_medicines" for ::1 at 2019-08-11 14:55:33 +0100
Processing by UserMedicinesController#index as */*
  [1m[36mUserMedicine Load (49.7ms)[0m  [1m[34mSELECT "user_medicines".* FROM "user_medicines"[0m
  ↳ app/controllers/user_medicines_controller.rb:4
Completed 200 OK in 52ms (Views: 2.0ms | ActiveRecord: 49.7ms)


Started DELETE "/user_medicines/3" for ::1 at 2019-08-11 14:55:40 +0100
Processing by UserMedicinesController#destroy as */*
  Parameters: {"id"=>"3"}
  [1m[36mUserMedicine Load (1.0ms)[0m  [1m[34mSELECT  "user_medicines".* FROM "user_medicines" WHERE "user_medicines"."id" = $1 LIMIT $2[0m  [["id", 3], ["LIMIT", 1]]
  ↳ app/controllers/user_medicines_controller.rb:19
  [1m[35m (31.0ms)[0m  [1m[35mBEGIN[0m
  ↳ app/controllers/user_medicines_controller.rb:20
  [1m[36mUserMedicine Destroy (6.5ms)[0m  [1m[31mDELETE FROM "user_medicines" WHERE "user_medicines"."id" = $1[0m  [["id", 3]]
  ↳ app/controllers/user_medicines_controller.rb:20
  [1m[35m (31.4ms)[0m  [1m[35mCOMMIT[0m
  ↳ app/controllers/user_medicines_controller.rb:20
Completed 200 OK in 75ms (Views: 0.3ms | ActiveRecord: 69.8ms)


Started GET "/user_medicines" for ::1 at 2019-08-11 14:55:40 +0100
Processing by UserMedicinesController#index as */*
  [1m[36mUserMedicine Load (24.9ms)[0m  [1m[34mSELECT "user_medicines".* FROM "user_medicines"[0m
  ↳ app/controllers/user_medicines_controller.rb:4
Completed 200 OK in 27ms (Views: 1.7ms | ActiveRecord: 24.9ms)


Started DELETE "/user_medicines/2" for ::1 at 2019-08-11 14:55:47 +0100
Processing by UserMedicinesController#destroy as */*
  Parameters: {"id"=>"2"}
  [1m[36mUserMedicine Load (13.0ms)[0m  [1m[34mSELECT  "user_medicines".* FROM "user_medicines" WHERE "user_medicines"."id" = $1 LIMIT $2[0m  [["id", 2], ["LIMIT", 1]]
  ↳ app/controllers/user_medicines_controller.rb:19
  [1m[35m (1.5ms)[0m  [1m[35mBEGIN[0m
  ↳ app/controllers/user_medicines_controller.rb:20
  [1m[36mUserMedicine Destroy (0.6ms)[0m  [1m[31mDELETE FROM "user_medicines" WHERE "user_medicines"."id" = $1[0m  [["id", 2]]
  ↳ app/controllers/user_medicines_controller.rb:20
  [1m[35m (7.6ms)[0m  [1m[35mCOMMIT[0m
  ↳ app/controllers/user_medicines_controller.rb:20
Completed 200 OK in 26ms (Views: 0.2ms | ActiveRecord: 22.7ms)


Started GET "/user_medicines" for ::1 at 2019-08-11 14:55:47 +0100
Processing by UserMedicinesController#index as */*
  [1m[36mUserMedicine Load (4.9ms)[0m  [1m[34mSELECT "user_medicines".* FROM "user_medicines"[0m
  ↳ app/controllers/user_medicines_controller.rb:4
Completed 200 OK in 7ms (Views: 1.8ms | ActiveRecord: 4.9ms)


Started DELETE "/user_medicines/5" for ::1 at 2019-08-11 14:55:50 +0100
Processing by UserMedicinesController#destroy as */*
  Parameters: {"id"=>"5"}
  [1m[36mUserMedicine Load (7.8ms)[0m  [1m[34mSELECT  "user_medicines".* FROM "user_medicines" WHERE "user_medicines"."id" = $1 LIMIT $2[0m  [["id", 5], ["LIMIT", 1]]
  ↳ app/controllers/user_medicines_controller.rb:19
  [1m[35m (1.2ms)[0m  [1m[35mBEGIN[0m
  ↳ app/controllers/user_medicines_controller.rb:20
  [1m[36mUserMedicine Destroy (1.7ms)[0m  [1m[31mDELETE FROM "user_medicines" WHERE "user_medicines"."id" = $1[0m  [["id", 5]]
  ↳ app/controllers/user_medicines_controller.rb:20
  [1m[35m (1.5ms)[0m  [1m[35mCOMMIT[0m
  ↳ app/controllers/user_medicines_controller.rb:20
Completed 200 OK in 17ms (Views: 0.3ms | ActiveRecord: 12.2ms)


Started GET "/user_medicines" for ::1 at 2019-08-11 14:55:50 +0100
Processing by UserMedicinesController#index as */*
  [1m[36mUserMedicine Load (3.3ms)[0m  [1m[34mSELECT "user_medicines".* FROM "user_medicines"[0m
  ↳ app/controllers/user_medicines_controller.rb:4
Completed 200 OK in 6ms (Views: 2.2ms | ActiveRecord: 3.3ms)


Started DELETE "/user_medicines/4" for ::1 at 2019-08-11 14:55:54 +0100
Processing by UserMedicinesController#destroy as */*
  Parameters: {"id"=>"4"}
  [1m[36mUserMedicine Load (23.7ms)[0m  [1m[34mSELECT  "user_medicines".* FROM "user_medicines" WHERE "user_medicines"."id" = $1 LIMIT $2[0m  [["id", 4], ["LIMIT", 1]]
  ↳ app/controllers/user_medicines_controller.rb:19
  [1m[35m (3.0ms)[0m  [1m[35mBEGIN[0m
  ↳ app/controllers/user_medicines_controller.rb:20
  [1m[36mUserMedicine Destroy (7.2ms)[0m  [1m[31mDELETE FROM "user_medicines" WHERE "user_medicines"."id" = $1[0m  [["id", 4]]
  ↳ app/controllers/user_medicines_controller.rb:20
  [1m[35m (5.3ms)[0m  [1m[35mCOMMIT[0m
  ↳ app/controllers/user_medicines_controller.rb:20
Completed 200 OK in 48ms (Views: 0.2ms | ActiveRecord: 39.2ms)


Started GET "/user_medicines" for ::1 at 2019-08-11 14:55:54 +0100
Processing by UserMedicinesController#index as */*
  [1m[36mUserMedicine Load (1.9ms)[0m  [1m[34mSELECT "user_medicines".* FROM "user_medicines"[0m
  ↳ app/controllers/user_medicines_controller.rb:4
Completed 200 OK in 4ms (Views: 1.7ms | ActiveRecord: 1.9ms)


Started GET "/user_medicines" for ::1 at 2019-08-11 14:59:08 +0100
Processing by UserMedicinesController#index as */*
  [1m[36mUserMedicine Load (3.5ms)[0m  [1m[34mSELECT "user_medicines".* FROM "user_medicines"[0m
  ↳ app/controllers/user_medicines_controller.rb:4
Completed 200 OK in 69ms (Views: 46.2ms | ActiveRecord: 20.1ms)


Started GET "/user_medicines" for ::1 at 2019-08-11 15:00:07 +0100
Processing by UserMedicinesController#index as */*
  [1m[36mUserMedicine Load (1.4ms)[0m  [1m[34mSELECT "user_medicines".* FROM "user_medicines"[0m
  ↳ app/controllers/user_medicines_controller.rb:4
Completed 200 OK in 4ms (Views: 2.1ms | ActiveRecord: 1.4ms)


Started GET "/user_medicines" for ::1 at 2019-08-11 15:00:13 +0100
Processing by UserMedicinesController#index as */*
  [1m[36mUserMedicine Load (1.0ms)[0m  [1m[34mSELECT "user_medicines".* FROM "user_medicines"[0m
  ↳ app/controllers/user_medicines_controller.rb:4
Completed 200 OK in 2ms (Views: 1.0ms | ActiveRecord: 1.0ms)


Started PATCH "/user_medicines/1" for ::1 at 2019-08-11 15:00:20 +0100
Processing by UserMedicinesController#update as */*
  Parameters: {"id"=>"1", "name"=>"Amlodipine", "dose"=>"20", "morning"=>true, "evening"=>true, "composite_id"=>"https://www.nhs.uk/medicines/amlodipine/-20-A", "url"=>"https://www.nhs.uk/medicines/amlodipine/", "user_id"=>1, "created_at"=>"2019-08-11T11:16:12.858Z", "updated_at"=>"2019-08-11T11:16:12.858Z", "user_medicine"=>{"id"=>"1", "name"=>"Amlodipine", "dose"=>"20", "morning"=>true, "evening"=>true, "composite_id"=>"https://www.nhs.uk/medicines/amlodipine/-20-A", "url"=>"https://www.nhs.uk/medicines/amlodipine/", "user_id"=>1, "created_at"=>"2019-08-11T11:16:12.858Z", "updated_at"=>"2019-08-11T11:16:12.858Z"}}
  [1m[36mUserMedicine Load (20.3ms)[0m  [1m[34mSELECT  "user_medicines".* FROM "user_medicines" WHERE "user_medicines"."id" = $1 LIMIT $2[0m  [["id", 1], ["LIMIT", 1]]
  ↳ app/controllers/user_medicines_controller.rb:13
Unpermitted parameters: :id, :created_at, :updated_at
  [1m[35m (19.0ms)[0m  [1m[35mBEGIN[0m
  ↳ app/controllers/user_medicines_controller.rb:14
  [1m[36mUserMedicine Update (1.1ms)[0m  [1m[33mUPDATE "user_medicines" SET "evening" = $1, "updated_at" = $2 WHERE "user_medicines"."id" = $3[0m  [["evening", true], ["updated_at", "2019-08-11 14:00:20.586585"], ["id", 1]]
  ↳ app/controllers/user_medicines_controller.rb:14
  [1m[35m (3.7ms)[0m  [1m[35mCOMMIT[0m
  ↳ app/controllers/user_medicines_controller.rb:14
Completed 200 OK in 52ms (Views: 0.2ms | ActiveRecord: 44.1ms)


Started GET "/user_medicines" for ::1 at 2019-08-11 15:00:20 +0100
Processing by UserMedicinesController#index as */*
  [1m[36mUserMedicine Load (4.0ms)[0m  [1m[34mSELECT "user_medicines".* FROM "user_medicines"[0m
  ↳ app/controllers/user_medicines_controller.rb:4
Completed 200 OK in 6ms (Views: 1.8ms | ActiveRecord: 4.0ms)


Started GET "/user_medicines" for ::1 at 2019-08-11 15:00:26 +0100
Processing by UserMedicinesController#index as */*
  [1m[36mUserMedicine Load (0.7ms)[0m  [1m[34mSELECT "user_medicines".* FROM "user_medicines"[0m
  ↳ app/controllers/user_medicines_controller.rb:4
Completed 200 OK in 3ms (Views: 2.3ms | ActiveRecord: 0.7ms)


Started POST "/user_medicines" for ::1 at 2019-08-11 15:00:41 +0100
Processing by UserMedicinesController#create as */*
  Parameters: {"url"=>"https://www.nhs.uk/medicines/bisacodyl/", "dose"=>"10", "morning"=>true, "evening"=>false, "name"=>"Bisacodyl", "composite_id"=>"https://www.nhs.uk/medicines/bisacodyl/-10-A", "user_id"=>1, "user_medicine"=>{"name"=>"Bisacodyl", "dose"=>"10", "morning"=>true, "evening"=>false, "composite_id"=>"https://www.nhs.uk/medicines/bisacodyl/-10-A", "url"=>"https://www.nhs.uk/medicines/bisacodyl/", "user_id"=>1}}
  [1m[35m (2.2ms)[0m  [1m[35mBEGIN[0m
  ↳ app/controllers/user_medicines_controller.rb:8
  [1m[36mUserMedicine Create (31.8ms)[0m  [1m[32mINSERT INTO "user_medicines" ("name", "dose", "morning", "evening", "composite_id", "url", "user_id", "created_at", "updated_at") VALUES ($1, $2, $3, $4, $5, $6, $7, $8, $9) RETURNING "id"[0m  [["name", "Bisacodyl"], ["dose", "10"], ["morning", true], ["evening", false], ["composite_id", "https://www.nhs.uk/medicines/bisacodyl/-10-A"], ["url", "https://www.nhs.uk/medicines/bisacodyl/"], ["user_id", 1], ["created_at", "2019-08-11 14:00:41.515119"], ["updated_at", "2019-08-11 14:00:41.515119"]]
  ↳ app/controllers/user_medicines_controller.rb:8
  [1m[35m (2.3ms)[0m  [1m[35mCOMMIT[0m
  ↳ app/controllers/user_medicines_controller.rb:8
Completed 200 OK in 39ms (Views: 0.2ms | ActiveRecord: 36.3ms)


Started GET "/user_medicines" for ::1 at 2019-08-11 15:00:41 +0100
Processing by UserMedicinesController#index as */*
  [1m[36mUserMedicine Load (1.0ms)[0m  [1m[34mSELECT "user_medicines".* FROM "user_medicines"[0m
  ↳ app/controllers/user_medicines_controller.rb:4
Completed 200 OK in 3ms (Views: 1.7ms | ActiveRecord: 1.0ms)


Started GET "/user_medicines" for ::1 at 2019-08-11 15:01:12 +0100
Processing by UserMedicinesController#index as */*
  [1m[36mUserMedicine Load (0.6ms)[0m  [1m[34mSELECT "user_medicines".* FROM "user_medicines"[0m
  ↳ app/controllers/user_medicines_controller.rb:4
Completed 200 OK in 2ms (Views: 1.4ms | ActiveRecord: 0.6ms)


Started PATCH "/user_medicines/11" for ::1 at 2019-08-11 15:01:19 +0100
Processing by UserMedicinesController#update as */*
  Parameters: {"id"=>"11", "name"=>"Bisacodyl", "dose"=>"30", "morning"=>true, "evening"=>false, "composite_id"=>"https://www.nhs.uk/medicines/bisacodyl/-10-A", "url"=>"https://www.nhs.uk/medicines/bisacodyl/", "user_id"=>1, "created_at"=>"2019-08-11T14:00:41.515Z", "updated_at"=>"2019-08-11T14:00:41.515Z", "user_medicine"=>{"id"=>"11", "name"=>"Bisacodyl", "dose"=>"30", "morning"=>true, "evening"=>false, "composite_id"=>"https://www.nhs.uk/medicines/bisacodyl/-10-A", "url"=>"https://www.nhs.uk/medicines/bisacodyl/", "user_id"=>1, "created_at"=>"2019-08-11T14:00:41.515Z", "updated_at"=>"2019-08-11T14:00:41.515Z"}}
  [1m[36mUserMedicine Load (15.7ms)[0m  [1m[34mSELECT  "user_medicines".* FROM "user_medicines" WHERE "user_medicines"."id" = $1 LIMIT $2[0m  [["id", 11], ["LIMIT", 1]]
  ↳ app/controllers/user_medicines_controller.rb:13
Unpermitted parameters: :id, :created_at, :updated_at
  [1m[35m (3.9ms)[0m  [1m[35mBEGIN[0m
  ↳ app/controllers/user_medicines_controller.rb:14
  [1m[36mUserMedicine Update (7.8ms)[0m  [1m[33mUPDATE "user_medicines" SET "dose" = $1, "updated_at" = $2 WHERE "user_medicines"."id" = $3[0m  [["dose", "30"], ["updated_at", "2019-08-11 14:01:19.869062"], ["id", 11]]
  ↳ app/controllers/user_medicines_controller.rb:14
  [1m[35m (1.8ms)[0m  [1m[35mCOMMIT[0m
  ↳ app/controllers/user_medicines_controller.rb:14
Completed 200 OK in 34ms (Views: 0.2ms | ActiveRecord: 29.3ms)


Started GET "/user_medicines" for ::1 at 2019-08-11 15:01:19 +0100
Processing by UserMedicinesController#index as */*
  [1m[36mUserMedicine Load (0.6ms)[0m  [1m[34mSELECT "user_medicines".* FROM "user_medicines"[0m
  ↳ app/controllers/user_medicines_controller.rb:4
Completed 200 OK in 3ms (Views: 1.8ms | ActiveRecord: 0.6ms)


Started GET "/user_medicines" for ::1 at 2019-08-11 15:05:32 +0100
Processing by UserMedicinesController#index as */*
  [1m[36mUserMedicine Load (0.3ms)[0m  [1m[34mSELECT "user_medicines".* FROM "user_medicines"[0m
  ↳ app/controllers/user_medicines_controller.rb:4
Completed 200 OK in 1ms (Views: 0.8ms | ActiveRecord: 0.3ms)


Started GET "/user_medicines" for ::1 at 2019-08-11 15:05:55 +0100
Processing by UserMedicinesController#index as */*
  [1m[36mUserMedicine Load (0.4ms)[0m  [1m[34mSELECT "user_medicines".* FROM "user_medicines"[0m
  ↳ app/controllers/user_medicines_controller.rb:4
Completed 200 OK in 3ms (Views: 2.0ms | ActiveRecord: 0.4ms)


